time="2022-03-22 11:33:32" level=info Agent="Mozilla/5.0 (Windows NT 10.0; Win64; x64) AppleWebKit/537.36 (KHTML, like Gecko) Chrome/99.0.4844.74 Safari/537.36 Edg/99.0.1150.46" DataSize=0 Hostname=08VPIQNJZ3IU418 IP="::1" Method=OPTIONS Path=/api/v1/login SpendTime="1 ms" Status=204
time="2022-03-22 11:33:32" level=info Agent="Mozilla/5.0 (Windows NT 10.0; Win64; x64) AppleWebKit/537.36 (KHTML, like Gecko) Chrome/99.0.4844.74 Safari/537.36 Edg/99.0.1150.46" DataSize=196 Hostname=08VPIQNJZ3IU418 IP="::1" Method=POST Path=/api/v1/login SpendTime="49 ms" Status=200
time="2022-03-22 11:33:34" level=info Agent="Mozilla/5.0 (Windows NT 10.0; Win64; x64) AppleWebKit/537.36 (KHTML, like Gecko) Chrome/99.0.4844.74 Safari/537.36 Edg/99.0.1150.46" DataSize=0 Hostname=08VPIQNJZ3IU418 IP="::1" Method=OPTIONS Path=/api/v1/category SpendTime="0 ms" Status=204
time="2022-03-22 11:33:34" level=info Agent="Mozilla/5.0 (Windows NT 10.0; Win64; x64) AppleWebKit/537.36 (KHTML, like Gecko) Chrome/99.0.4844.74 Safari/537.36 Edg/99.0.1150.46" DataSize=159 Hostname=08VPIQNJZ3IU418 IP="::1" Method=GET Path=/api/v1/category SpendTime="2 ms" Status=200
time="2022-03-22 11:33:35" level=info Agent="Mozilla/5.0 (Windows NT 10.0; Win64; x64) AppleWebKit/537.36 (KHTML, like Gecko) Chrome/99.0.4844.74 Safari/537.36 Edg/99.0.1150.46" DataSize=0 Hostname=08VPIQNJZ3IU418 IP="::1" Method=OPTIONS Path="/api/v1/users?pagesize=5&pagenum=1" SpendTime="0 ms" Status=204
time="2022-03-22 11:33:35" level=info Agent="Mozilla/5.0 (Windows NT 10.0; Win64; x64) AppleWebKit/537.36 (KHTML, like Gecko) Chrome/99.0.4844.74 Safari/537.36 Edg/99.0.1150.46" DataSize=874 Hostname=08VPIQNJZ3IU418 IP="::1" Method=GET Path="/api/v1/users?pagesize=5&pagenum=1" SpendTime="1 ms" Status=200
time="2022-03-22 11:33:37" level=info Agent="Mozilla/5.0 (Windows NT 10.0; Win64; x64) AppleWebKit/537.36 (KHTML, like Gecko) Chrome/99.0.4844.74 Safari/537.36 Edg/99.0.1150.46" DataSize=159 Hostname=08VPIQNJZ3IU418 IP="::1" Method=GET Path=/api/v1/category SpendTime="1 ms" Status=200
time="2022-03-22 11:33:37" level=info Agent="Mozilla/5.0 (Windows NT 10.0; Win64; x64) AppleWebKit/537.36 (KHTML, like Gecko) Chrome/99.0.4844.74 Safari/537.36 Edg/99.0.1150.46" DataSize=0 Hostname=08VPIQNJZ3IU418 IP="::1" Method=OPTIONS Path="/api/v1/article?pagesize=5&pagenum=1" SpendTime="0 ms" Status=204
time="2022-03-22 11:33:37" level=info Agent="Mozilla/5.0 (Windows NT 10.0; Win64; x64) AppleWebKit/537.36 (KHTML, like Gecko) Chrome/99.0.4844.74 Safari/537.36 Edg/99.0.1150.46" DataSize=159 Hostname=08VPIQNJZ3IU418 IP="::1" Method=GET Path=/api/v1/category SpendTime="1 ms" Status=200
time="2022-03-22 11:33:37" level=info Agent="Mozilla/5.0 (Windows NT 10.0; Win64; x64) AppleWebKit/537.36 (KHTML, like Gecko) Chrome/99.0.4844.74 Safari/537.36 Edg/99.0.1150.46" DataSize=1721 Hostname=08VPIQNJZ3IU418 IP="::1" Method=GET Path="/api/v1/article?pagesize=5&pagenum=1" SpendTime="2 ms" Status=200
time="2022-03-22 11:33:38" level=info Agent="Mozilla/5.0 (Windows NT 10.0; Win64; x64) AppleWebKit/537.36 (KHTML, like Gecko) Chrome/99.0.4844.74 Safari/537.36 Edg/99.0.1150.46" DataSize=159 Hostname=08VPIQNJZ3IU418 IP="::1" Method=GET Path=/api/v1/category SpendTime="1 ms" Status=200
time="2022-03-22 11:33:58" level=info Agent="Mozilla/5.0 (Windows NT 10.0; Win64; x64) AppleWebKit/537.36 (KHTML, like Gecko) Chrome/99.0.4844.74 Safari/537.36 Edg/99.0.1150.46" DataSize=159 Hostname=08VPIQNJZ3IU418 IP="::1" Method=GET Path=/api/v1/category SpendTime="3 ms" Status=200
time="2022-03-22 11:33:58" level=info Agent="Mozilla/5.0 (Windows NT 10.0; Win64; x64) AppleWebKit/537.36 (KHTML, like Gecko) Chrome/99.0.4844.74 Safari/537.36 Edg/99.0.1150.46" DataSize=1721 Hostname=08VPIQNJZ3IU418 IP="::1" Method=GET Path="/api/v1/article?pagesize=5&pagenum=1" SpendTime="5 ms" Status=200
time="2022-03-22 11:34:01" level=info Agent="Mozilla/5.0 (Windows NT 10.0; Win64; x64) AppleWebKit/537.36 (KHTML, like Gecko) Chrome/99.0.4844.74 Safari/537.36 Edg/99.0.1150.46" DataSize=159 Hostname=08VPIQNJZ3IU418 IP="::1" Method=GET Path=/api/v1/category SpendTime="1 ms" Status=200
time="2022-03-22 11:34:03" level=info Agent="Mozilla/5.0 (Windows NT 10.0; Win64; x64) AppleWebKit/537.36 (KHTML, like Gecko) Chrome/99.0.4844.74 Safari/537.36 Edg/99.0.1150.46" DataSize=159 Hostname=08VPIQNJZ3IU418 IP="::1" Method=GET Path=/api/v1/category SpendTime="1 ms" Status=200
time="2022-03-22 11:34:06" level=info Agent="Mozilla/5.0 (Windows NT 10.0; Win64; x64) AppleWebKit/537.36 (KHTML, like Gecko) Chrome/99.0.4844.74 Safari/537.36 Edg/99.0.1150.46" DataSize=874 Hostname=08VPIQNJZ3IU418 IP="::1" Method=GET Path="/api/v1/users?pagesize=5&pagenum=1" SpendTime="2 ms" Status=200
time="2022-03-22 11:34:07" level=info Agent="Mozilla/5.0 (Windows NT 10.0; Win64; x64) AppleWebKit/537.36 (KHTML, like Gecko) Chrome/99.0.4844.74 Safari/537.36 Edg/99.0.1150.46" DataSize=159 Hostname=08VPIQNJZ3IU418 IP="::1" Method=GET Path=/api/v1/category SpendTime="1 ms" Status=200
time="2022-03-22 11:34:07" level=info Agent="Mozilla/5.0 (Windows NT 10.0; Win64; x64) AppleWebKit/537.36 (KHTML, like Gecko) Chrome/99.0.4844.74 Safari/537.36 Edg/99.0.1150.46" DataSize=1721 Hostname=08VPIQNJZ3IU418 IP="::1" Method=GET Path="/api/v1/article?pagesize=5&pagenum=1" SpendTime="2 ms" Status=200
time="2022-03-22 11:34:08" level=info Agent="Mozilla/5.0 (Windows NT 10.0; Win64; x64) AppleWebKit/537.36 (KHTML, like Gecko) Chrome/99.0.4844.74 Safari/537.36 Edg/99.0.1150.46" DataSize=159 Hostname=08VPIQNJZ3IU418 IP="::1" Method=GET Path=/api/v1/category SpendTime="3 ms" Status=200
time="2022-03-22 11:34:11" level=info Agent="Mozilla/5.0 (Windows NT 10.0; Win64; x64) AppleWebKit/537.36 (KHTML, like Gecko) Chrome/99.0.4844.74 Safari/537.36 Edg/99.0.1150.46" DataSize=1721 Hostname=08VPIQNJZ3IU418 IP="::1" Method=GET Path="/api/v1/article?pagesize=5&pagenum=1" SpendTime="3 ms" Status=200
time="2022-03-22 11:34:11" level=info Agent="Mozilla/5.0 (Windows NT 10.0; Win64; x64) AppleWebKit/537.36 (KHTML, like Gecko) Chrome/99.0.4844.74 Safari/537.36 Edg/99.0.1150.46" DataSize=159 Hostname=08VPIQNJZ3IU418 IP="::1" Method=GET Path=/api/v1/category SpendTime="3 ms" Status=200
time="2022-03-22 11:34:14" level=info Agent="Mozilla/5.0 (Windows NT 10.0; Win64; x64) AppleWebKit/537.36 (KHTML, like Gecko) Chrome/99.0.4844.74 Safari/537.36 Edg/99.0.1150.46" DataSize=159 Hostname=08VPIQNJZ3IU418 IP="::1" Method=GET Path=/api/v1/category SpendTime="1 ms" Status=200
time="2022-03-22 11:34:14" level=info Agent="Mozilla/5.0 (Windows NT 10.0; Win64; x64) AppleWebKit/537.36 (KHTML, like Gecko) Chrome/99.0.4844.74 Safari/537.36 Edg/99.0.1150.46" DataSize=1721 Hostname=08VPIQNJZ3IU418 IP="::1" Method=GET Path="/api/v1/article?pagesize=5&pagenum=1" SpendTime="2 ms" Status=200
time="2022-03-22 11:34:15" level=info Agent="Mozilla/5.0 (Windows NT 10.0; Win64; x64) AppleWebKit/537.36 (KHTML, like Gecko) Chrome/99.0.4844.74 Safari/537.36 Edg/99.0.1150.46" DataSize=159 Hostname=08VPIQNJZ3IU418 IP="::1" Method=GET Path=/api/v1/category SpendTime="2 ms" Status=200
time="2022-03-22 11:34:16" level=info Agent="Mozilla/5.0 (Windows NT 10.0; Win64; x64) AppleWebKit/537.36 (KHTML, like Gecko) Chrome/99.0.4844.74 Safari/537.36 Edg/99.0.1150.46" DataSize=159 Hostname=08VPIQNJZ3IU418 IP="::1" Method=GET Path=/api/v1/category SpendTime="1 ms" Status=200
time="2022-03-22 11:34:16" level=info Agent="Mozilla/5.0 (Windows NT 10.0; Win64; x64) AppleWebKit/537.36 (KHTML, like Gecko) Chrome/99.0.4844.74 Safari/537.36 Edg/99.0.1150.46" DataSize=1721 Hostname=08VPIQNJZ3IU418 IP="::1" Method=GET Path="/api/v1/article?pagesize=5&pagenum=1" SpendTime="2 ms" Status=200
time="2022-03-22 11:34:22" level=info Agent="Mozilla/5.0 (Windows NT 10.0; Win64; x64) AppleWebKit/537.36 (KHTML, like Gecko) Chrome/99.0.4844.74 Safari/537.36 Edg/99.0.1150.46" DataSize=159 Hostname=08VPIQNJZ3IU418 IP="::1" Method=GET Path=/api/v1/category SpendTime="3 ms" Status=200
time="2022-03-22 16:55:58" level=info Agent="Mozilla/5.0 (Windows NT 10.0; Win64; x64) AppleWebKit/537.36 (KHTML, like Gecko) Chrome/99.0.4844.74 Safari/537.36 Edg/99.0.1150.46" DataSize=0 Hostname=08VPIQNJZ3IU418 IP="::1" Method=OPTIONS Path=/api/v1/login SpendTime="0 ms" Status=204
time="2022-03-22 16:55:58" level=info Agent="Mozilla/5.0 (Windows NT 10.0; Win64; x64) AppleWebKit/537.36 (KHTML, like Gecko) Chrome/99.0.4844.74 Safari/537.36 Edg/99.0.1150.46" DataSize=196 Hostname=08VPIQNJZ3IU418 IP="::1" Method=POST Path=/api/v1/login SpendTime="52 ms" Status=200
time="2022-03-22 16:58:11" level=info Agent="Mozilla/5.0 (Windows NT 10.0; Win64; x64) AppleWebKit/537.36 (KHTML, like Gecko) Chrome/99.0.4844.74 Safari/537.36 Edg/99.0.1150.46" DataSize=0 Hostname=08VPIQNJZ3IU418 IP="::1" Method=OPTIONS Path=/api/v1/login SpendTime="0 ms" Status=204
time="2022-03-22 16:58:11" level=info Agent="Mozilla/5.0 (Windows NT 10.0; Win64; x64) AppleWebKit/537.36 (KHTML, like Gecko) Chrome/99.0.4844.74 Safari/537.36 Edg/99.0.1150.46" DataSize=196 Hostname=08VPIQNJZ3IU418 IP="::1" Method=POST Path=/api/v1/login SpendTime="47 ms" Status=200
time="2022-03-22 16:58:13" level=info Agent="Mozilla/5.0 (Windows NT 10.0; Win64; x64) AppleWebKit/537.36 (KHTML, like Gecko) Chrome/99.0.4844.74 Safari/537.36 Edg/99.0.1150.46" DataSize=0 Hostname=08VPIQNJZ3IU418 IP="::1" Method=OPTIONS Path="/api/v1/article?pagesize=5&pagenum=1" SpendTime="0 ms" Status=204
time="2022-03-22 16:58:13" level=info Agent="Mozilla/5.0 (Windows NT 10.0; Win64; x64) AppleWebKit/537.36 (KHTML, like Gecko) Chrome/99.0.4844.74 Safari/537.36 Edg/99.0.1150.46" DataSize=0 Hostname=08VPIQNJZ3IU418 IP="::1" Method=OPTIONS Path=/api/v1/category SpendTime="0 ms" Status=204
time="2022-03-22 16:58:13" level=info Agent="Mozilla/5.0 (Windows NT 10.0; Win64; x64) AppleWebKit/537.36 (KHTML, like Gecko) Chrome/99.0.4844.74 Safari/537.36 Edg/99.0.1150.46" DataSize=1721 Hostname=08VPIQNJZ3IU418 IP="::1" Method=GET Path="/api/v1/article?pagesize=5&pagenum=1" SpendTime="4 ms" Status=200
time="2022-03-22 16:58:13" level=info Agent="Mozilla/5.0 (Windows NT 10.0; Win64; x64) AppleWebKit/537.36 (KHTML, like Gecko) Chrome/99.0.4844.74 Safari/537.36 Edg/99.0.1150.46" DataSize=159 Hostname=08VPIQNJZ3IU418 IP="::1" Method=GET Path=/api/v1/category SpendTime="4 ms" Status=200
time="2022-03-22 16:58:15" level=info Agent="Mozilla/5.0 (Windows NT 10.0; Win64; x64) AppleWebKit/537.36 (KHTML, like Gecko) Chrome/99.0.4844.74 Safari/537.36 Edg/99.0.1150.46" DataSize=159 Hostname=08VPIQNJZ3IU418 IP="::1" Method=GET Path=/api/v1/category SpendTime="1 ms" Status=200
time="2022-03-22 16:58:16" level=info Agent="Mozilla/5.0 (Windows NT 10.0; Win64; x64) AppleWebKit/537.36 (KHTML, like Gecko) Chrome/99.0.4844.74 Safari/537.36 Edg/99.0.1150.46" DataSize=159 Hostname=08VPIQNJZ3IU418 IP="::1" Method=GET Path=/api/v1/category SpendTime="1 ms" Status=200
time="2022-03-22 16:58:16" level=info Agent="Mozilla/5.0 (Windows NT 10.0; Win64; x64) AppleWebKit/537.36 (KHTML, like Gecko) Chrome/99.0.4844.74 Safari/537.36 Edg/99.0.1150.46" DataSize=1721 Hostname=08VPIQNJZ3IU418 IP="::1" Method=GET Path="/api/v1/article?pagesize=5&pagenum=1" SpendTime="3 ms" Status=200
time="2022-03-22 16:58:17" level=info Agent="Mozilla/5.0 (Windows NT 10.0; Win64; x64) AppleWebKit/537.36 (KHTML, like Gecko) Chrome/99.0.4844.74 Safari/537.36 Edg/99.0.1150.46" DataSize=0 Hostname=08VPIQNJZ3IU418 IP="::1" Method=OPTIONS Path=/api/v1/article/1 SpendTime="0 ms" Status=204
time="2022-03-22 16:58:17" level=info Agent="Mozilla/5.0 (Windows NT 10.0; Win64; x64) AppleWebKit/537.36 (KHTML, like Gecko) Chrome/99.0.4844.74 Safari/537.36 Edg/99.0.1150.46" DataSize=159 Hostname=08VPIQNJZ3IU418 IP="::1" Method=GET Path=/api/v1/category SpendTime="2 ms" Status=200
time="2022-03-22 16:58:17" level=info Agent="Mozilla/5.0 (Windows NT 10.0; Win64; x64) AppleWebKit/537.36 (KHTML, like Gecko) Chrome/99.0.4844.74 Safari/537.36 Edg/99.0.1150.46" DataSize=367 Hostname=08VPIQNJZ3IU418 IP="::1" Method=GET Path=/api/v1/article/1 SpendTime="3 ms" Status=200
time="2022-03-22 16:58:18" level=info Agent="Mozilla/5.0 (Windows NT 10.0; Win64; x64) AppleWebKit/537.36 (KHTML, like Gecko) Chrome/99.0.4844.74 Safari/537.36 Edg/99.0.1150.46" DataSize=159 Hostname=08VPIQNJZ3IU418 IP="::1" Method=GET Path=/api/v1/category SpendTime="1 ms" Status=200
time="2022-03-22 16:58:18" level=info Agent="Mozilla/5.0 (Windows NT 10.0; Win64; x64) AppleWebKit/537.36 (KHTML, like Gecko) Chrome/99.0.4844.74 Safari/537.36 Edg/99.0.1150.46" DataSize=159 Hostname=08VPIQNJZ3IU418 IP="::1" Method=GET Path=/api/v1/category SpendTime="2 ms" Status=200
time="2022-03-22 16:58:19" level=info Agent="Mozilla/5.0 (Windows NT 10.0; Win64; x64) AppleWebKit/537.36 (KHTML, like Gecko) Chrome/99.0.4844.74 Safari/537.36 Edg/99.0.1150.46" DataSize=0 Hostname=08VPIQNJZ3IU418 IP="::1" Method=OPTIONS Path=/api/v1/category/1 SpendTime="0 ms" Status=204
time="2022-03-22 16:58:19" level=info Agent="Mozilla/5.0 (Windows NT 10.0; Win64; x64) AppleWebKit/537.36 (KHTML, like Gecko) Chrome/99.0.4844.74 Safari/537.36 Edg/99.0.1150.46" DataSize=61 Hostname=08VPIQNJZ3IU418 IP="::1" Method=GET Path=/api/v1/category/1 SpendTime="1 ms" Status=200
time="2022-03-22 16:58:20" level=info Agent="Mozilla/5.0 (Windows NT 10.0; Win64; x64) AppleWebKit/537.36 (KHTML, like Gecko) Chrome/99.0.4844.74 Safari/537.36 Edg/99.0.1150.46" DataSize=0 Hostname=08VPIQNJZ3IU418 IP="::1" Method=OPTIONS Path="/api/v1/users?pagesize=5&pagenum=1" SpendTime="0 ms" Status=204
time="2022-03-22 16:58:20" level=info Agent="Mozilla/5.0 (Windows NT 10.0; Win64; x64) AppleWebKit/537.36 (KHTML, like Gecko) Chrome/99.0.4844.74 Safari/537.36 Edg/99.0.1150.46" DataSize=874 Hostname=08VPIQNJZ3IU418 IP="::1" Method=GET Path="/api/v1/users?pagesize=5&pagenum=1" SpendTime="2 ms" Status=200
time="2022-03-22 16:58:21" level=info Agent="Mozilla/5.0 (Windows NT 10.0; Win64; x64) AppleWebKit/537.36 (KHTML, like Gecko) Chrome/99.0.4844.74 Safari/537.36 Edg/99.0.1150.46" DataSize=0 Hostname=08VPIQNJZ3IU418 IP="::1" Method=OPTIONS Path=/api/v1/user/1 SpendTime="0 ms" Status=204
time="2022-03-22 16:58:21" level=info Agent="Mozilla/5.0 (Windows NT 10.0; Win64; x64) AppleWebKit/537.36 (KHTML, like Gecko) Chrome/99.0.4844.74 Safari/537.36 Edg/99.0.1150.46" DataSize=76 Hostname=08VPIQNJZ3IU418 IP="::1" Method=GET Path=/api/v1/user/1 SpendTime="2 ms" Status=200
time="2022-03-22 17:13:08" level=warning Agent="Mozilla/5.0 (Windows NT 10.0; Win64; x64) AppleWebKit/537.36 (KHTML, like Gecko) Chrome/99.0.4844.74 Safari/537.36 Edg/99.0.1150.46" DataSize=0 Hostname=08VPIQNJZ3IU418 IP="::1" Method=GET Path=/ SpendTime="0 ms" Status=404
time="2022-03-22 17:13:08" level=warning Agent="Mozilla/5.0 (Windows NT 10.0; Win64; x64) AppleWebKit/537.36 (KHTML, like Gecko) Chrome/99.0.4844.74 Safari/537.36 Edg/99.0.1150.46" DataSize=0 Hostname=08VPIQNJZ3IU418 IP="::1" Method=GET Path=/favicon.ico SpendTime="1 ms" Status=404
time="2022-03-22 17:13:16" level=info Agent="Mozilla/5.0 (Windows NT 10.0; Win64; x64) AppleWebKit/537.36 (KHTML, like Gecko) Chrome/99.0.4844.74 Safari/537.36 Edg/99.0.1150.46" DataSize=926 Hostname=08VPIQNJZ3IU418 IP="::1" Method=GET Path=/admin SpendTime="1 ms" Status=200
time="2022-03-22 17:13:16" level=info Agent="Mozilla/5.0 (Windows NT 10.0; Win64; x64) AppleWebKit/537.36 (KHTML, like Gecko) Chrome/99.0.4844.74 Safari/537.36 Edg/99.0.1150.46" DataSize=58659 Hostname=08VPIQNJZ3IU418 IP="::1" Method=GET Path=/admin/static/css/app.6cc80e76.css SpendTime="195 ms" Status=200
time="2022-03-22 17:13:16" level=info Agent="Mozilla/5.0 (Windows NT 10.0; Win64; x64) AppleWebKit/537.36 (KHTML, like Gecko) Chrome/99.0.4844.74 Safari/537.36 Edg/99.0.1150.46" DataSize=276755 Hostname=08VPIQNJZ3IU418 IP="::1" Method=GET Path=/admin/static/css/chunk-vendors.85e33b2a.css SpendTime="196 ms" Status=200
time="2022-03-22 17:13:16" level=info Agent="Mozilla/5.0 (Windows NT 10.0; Win64; x64) AppleWebKit/537.36 (KHTML, like Gecko) Chrome/99.0.4844.74 Safari/537.36 Edg/99.0.1150.46" DataSize=1183372 Hostname=08VPIQNJZ3IU418 IP="::1" Method=GET Path=/admin/static/js/app.aa71928f.js SpendTime="194 ms" Status=200
time="2022-03-22 17:13:16" level=info Agent="Mozilla/5.0 (Windows NT 10.0; Win64; x64) AppleWebKit/537.36 (KHTML, like Gecko) Chrome/99.0.4844.74 Safari/537.36 Edg/99.0.1150.46" DataSize=1479575 Hostname=08VPIQNJZ3IU418 IP="::1" Method=GET Path=/admin/static/js/chunk-vendors.4cb41f5a.js SpendTime="198 ms" Status=200
time="2022-03-22 17:13:16" level=warning Agent="Mozilla/5.0 (Windows NT 10.0; Win64; x64) AppleWebKit/537.36 (KHTML, like Gecko) Chrome/99.0.4844.74 Safari/537.36 Edg/99.0.1150.46" DataSize=0 Hostname=08VPIQNJZ3IU418 IP="::1" Method=GET Path=/admin/favicon.ico SpendTime="0 ms" Status=404
time="2022-03-22 17:13:22" level=info Agent="Mozilla/5.0 (Windows NT 10.0; Win64; x64) AppleWebKit/537.36 (KHTML, like Gecko) Chrome/99.0.4844.74 Safari/537.36 Edg/99.0.1150.46" DataSize=196 Hostname=08VPIQNJZ3IU418 IP="::1" Method=POST Path=/api/v1/login SpendTime="51 ms" Status=200
time="2022-03-22 17:14:07" level=info Agent="Mozilla/5.0 (Windows NT 10.0; Win64; x64) AppleWebKit/537.36 (KHTML, like Gecko) Chrome/99.0.4844.74 Safari/537.36 Edg/99.0.1150.46" DataSize=4434718 Hostname=08VPIQNJZ3IU418 IP="::1" Method=GET Path=/admin/static/js/chunk-vendors.4cb41f5a.js.map SpendTime="10 ms" Status=200
time="2022-03-22 17:14:07" level=info Agent="Mozilla/5.0 (Windows NT 10.0; Win64; x64) AppleWebKit/537.36 (KHTML, like Gecko) Chrome/99.0.4844.74 Safari/537.36 Edg/99.0.1150.46" DataSize=2757181 Hostname=08VPIQNJZ3IU418 IP="::1" Method=GET Path=/admin/static/js/app.aa71928f.js.map SpendTime="10 ms" Status=200
time="2022-03-22 17:15:57" level=info Agent="Mozilla/5.0 (Windows NT 10.0; Win64; x64) AppleWebKit/537.36 (KHTML, like Gecko) Chrome/99.0.4844.74 Safari/537.36 Edg/99.0.1150.46" DataSize=926 Hostname=08VPIQNJZ3IU418 IP="::1" Method=GET Path=/admin SpendTime="2 ms" Status=200
time="2022-03-22 17:15:57" level=info Agent="Mozilla/5.0 (Windows NT 10.0; Win64; x64) AppleWebKit/537.36 (KHTML, like Gecko) Chrome/99.0.4844.74 Safari/537.36 Edg/99.0.1150.46" DataSize=0 Hostname=08VPIQNJZ3IU418 IP="::1" Method=GET Path=/admin/static/css/chunk-vendors.85e33b2a.css SpendTime="2 ms" Status=304
time="2022-03-22 17:15:57" level=info Agent="Mozilla/5.0 (Windows NT 10.0; Win64; x64) AppleWebKit/537.36 (KHTML, like Gecko) Chrome/99.0.4844.74 Safari/537.36 Edg/99.0.1150.46" DataSize=0 Hostname=08VPIQNJZ3IU418 IP="::1" Method=GET Path=/admin/static/css/app.6cc80e76.css SpendTime="1 ms" Status=304
time="2022-03-22 17:15:57" level=info Agent="Mozilla/5.0 (Windows NT 10.0; Win64; x64) AppleWebKit/537.36 (KHTML, like Gecko) Chrome/99.0.4844.74 Safari/537.36 Edg/99.0.1150.46" DataSize=0 Hostname=08VPIQNJZ3IU418 IP="::1" Method=GET Path=/admin/static/js/chunk-vendors.4cb41f5a.js SpendTime="1 ms" Status=304
time="2022-03-22 17:15:57" level=info Agent="Mozilla/5.0 (Windows NT 10.0; Win64; x64) AppleWebKit/537.36 (KHTML, like Gecko) Chrome/99.0.4844.74 Safari/537.36 Edg/99.0.1150.46" DataSize=0 Hostname=08VPIQNJZ3IU418 IP="::1" Method=GET Path=/admin/static/js/app.aa71928f.js SpendTime="1 ms" Status=304
time="2022-03-22 17:15:57" level=info Agent="Mozilla/5.0 (Windows NT 10.0; Win64; x64) AppleWebKit/537.36 (KHTML, like Gecko) Chrome/99.0.4844.74 Safari/537.36 Edg/99.0.1150.46" DataSize=4434718 Hostname=08VPIQNJZ3IU418 IP="::1" Method=GET Path=/admin/static/js/chunk-vendors.4cb41f5a.js.map SpendTime="163 ms" Status=200
time="2022-03-22 17:15:57" level=info Agent="Mozilla/5.0 (Windows NT 10.0; Win64; x64) AppleWebKit/537.36 (KHTML, like Gecko) Chrome/99.0.4844.74 Safari/537.36 Edg/99.0.1150.46" DataSize=2757181 Hostname=08VPIQNJZ3IU418 IP="::1" Method=GET Path=/admin/static/js/app.aa71928f.js.map SpendTime="102 ms" Status=200
time="2022-03-22 17:16:29" level=warning Agent="Mozilla/5.0 (Windows NT 10.0; Win64; x64) AppleWebKit/537.36 (KHTML, like Gecko) Chrome/99.0.4844.74 Safari/537.36 Edg/99.0.1150.46" DataSize=0 Hostname=08VPIQNJZ3IU418 IP="::1" Method=GET Path=//skins/ui/oxide/skin.min.css SpendTime="0 ms" Status=404
time="2022-03-22 17:16:30" level=warning Agent="Mozilla/5.0 (Windows NT 10.0; Win64; x64) AppleWebKit/537.36 (KHTML, like Gecko) Chrome/99.0.4844.74 Safari/537.36 Edg/99.0.1150.46" DataSize=0 Hostname=08VPIQNJZ3IU418 IP="::1" Method=GET Path=//skins/ui/oxide/content.min.css SpendTime="0 ms" Status=404
time="2022-03-22 17:16:30" level=warning Agent="Mozilla/5.0 (Windows NT 10.0; Win64; x64) AppleWebKit/537.36 (KHTML, like Gecko) Chrome/99.0.4844.74 Safari/537.36 Edg/99.0.1150.46" DataSize=0 Hostname=08VPIQNJZ3IU418 IP="::1" Method=GET Path=//skins/content/default/content.css SpendTime="0 ms" Status=404
time="2022-03-22 17:16:30" level=info Agent="Mozilla/5.0 (Windows NT 10.0; Win64; x64) AppleWebKit/537.36 (KHTML, like Gecko) Chrome/99.0.4844.74 Safari/537.36 Edg/99.0.1150.46" DataSize=159 Hostname=08VPIQNJZ3IU418 IP="::1" Method=GET Path=/api/v1/category SpendTime="4 ms" Status=200
time="2022-03-22 17:16:30" level=info Agent="Mozilla/5.0 (Windows NT 10.0; Win64; x64) AppleWebKit/537.36 (KHTML, like Gecko) Chrome/99.0.4844.74 Safari/537.36 Edg/99.0.1150.46" DataSize=1721 Hostname=08VPIQNJZ3IU418 IP="::1" Method=GET Path="/api/v1/article?pagesize=5&pagenum=1" SpendTime="2 ms" Status=200
time="2022-03-22 17:16:30" level=info Agent="Mozilla/5.0 (Windows NT 10.0; Win64; x64) AppleWebKit/537.36 (KHTML, like Gecko) Chrome/99.0.4844.74 Safari/537.36 Edg/99.0.1150.46" DataSize=159 Hostname=08VPIQNJZ3IU418 IP="::1" Method=GET Path=/api/v1/category SpendTime="4 ms" Status=200
time="2022-03-22 17:16:40" level=info Agent="Mozilla/5.0 (Windows NT 10.0; Win64; x64) AppleWebKit/537.36 (KHTML, like Gecko) Chrome/99.0.4844.74 Safari/537.36 Edg/99.0.1150.46" DataSize=159 Hostname=08VPIQNJZ3IU418 IP="::1" Method=GET Path=/api/v1/category SpendTime="2 ms" Status=200
time="2022-03-22 17:16:41" level=info Agent="Mozilla/5.0 (Windows NT 10.0; Win64; x64) AppleWebKit/537.36 (KHTML, like Gecko) Chrome/99.0.4844.74 Safari/537.36 Edg/99.0.1150.46" DataSize=874 Hostname=08VPIQNJZ3IU418 IP="::1" Method=GET Path="/api/v1/users?pagesize=5&pagenum=1" SpendTime="3 ms" Status=200
time="2022-03-22 17:16:42" level=info Agent="Mozilla/5.0 (Windows NT 10.0; Win64; x64) AppleWebKit/537.36 (KHTML, like Gecko) Chrome/99.0.4844.74 Safari/537.36 Edg/99.0.1150.46" DataSize=159 Hostname=08VPIQNJZ3IU418 IP="::1" Method=GET Path=/api/v1/category SpendTime="1 ms" Status=200
time="2022-03-22 17:16:42" level=info Agent="Mozilla/5.0 (Windows NT 10.0; Win64; x64) AppleWebKit/537.36 (KHTML, like Gecko) Chrome/99.0.4844.74 Safari/537.36 Edg/99.0.1150.46" DataSize=1721 Hostname=08VPIQNJZ3IU418 IP="::1" Method=GET Path="/api/v1/article?pagesize=5&pagenum=1" SpendTime="2 ms" Status=200
time="2022-03-22 17:16:42" level=info Agent="Mozilla/5.0 (Windows NT 10.0; Win64; x64) AppleWebKit/537.36 (KHTML, like Gecko) Chrome/99.0.4844.74 Safari/537.36 Edg/99.0.1150.46" DataSize=159 Hostname=08VPIQNJZ3IU418 IP="::1" Method=GET Path=/api/v1/category SpendTime="3 ms" Status=200
time="2022-03-22 17:16:43" level=warning Agent="Mozilla/5.0 (Windows NT 10.0; Win64; x64) AppleWebKit/537.36 (KHTML, like Gecko) Chrome/99.0.4844.74 Safari/537.36 Edg/99.0.1150.46" DataSize=0 Hostname=08VPIQNJZ3IU418 IP="::1" Method=GET Path=//skins/ui/oxide/content.min.css SpendTime="0 ms" Status=404
time="2022-03-22 17:16:43" level=warning Agent="Mozilla/5.0 (Windows NT 10.0; Win64; x64) AppleWebKit/537.36 (KHTML, like Gecko) Chrome/99.0.4844.74 Safari/537.36 Edg/99.0.1150.46" DataSize=0 Hostname=08VPIQNJZ3IU418 IP="::1" Method=GET Path=//skins/content/default/content.css SpendTime="0 ms" Status=404
time="2022-03-22 17:16:43" level=info Agent="Mozilla/5.0 (Windows NT 10.0; Win64; x64) AppleWebKit/537.36 (KHTML, like Gecko) Chrome/99.0.4844.74 Safari/537.36 Edg/99.0.1150.46" DataSize=159 Hostname=08VPIQNJZ3IU418 IP="::1" Method=GET Path=/api/v1/category SpendTime="1 ms" Status=200
time="2022-03-22 17:16:46" level=info Agent="Mozilla/5.0 (Windows NT 10.0; Win64; x64) AppleWebKit/537.36 (KHTML, like Gecko) Chrome/99.0.4844.74 Safari/537.36 Edg/99.0.1150.46" DataSize=159 Hostname=08VPIQNJZ3IU418 IP="::1" Method=GET Path=/api/v1/category SpendTime="1 ms" Status=200
time="2022-03-22 17:16:46" level=info Agent="Mozilla/5.0 (Windows NT 10.0; Win64; x64) AppleWebKit/537.36 (KHTML, like Gecko) Chrome/99.0.4844.74 Safari/537.36 Edg/99.0.1150.46" DataSize=1721 Hostname=08VPIQNJZ3IU418 IP="::1" Method=GET Path="/api/v1/article?pagesize=5&pagenum=1" SpendTime="3 ms" Status=200
time="2022-03-22 17:16:47" level=warning Agent="Mozilla/5.0 (Windows NT 10.0; Win64; x64) AppleWebKit/537.36 (KHTML, like Gecko) Chrome/99.0.4844.74 Safari/537.36 Edg/99.0.1150.46" DataSize=0 Hostname=08VPIQNJZ3IU418 IP="::1" Method=GET Path=//skins/ui/oxide/content.min.css SpendTime="0 ms" Status=404
time="2022-03-22 17:16:47" level=warning Agent="Mozilla/5.0 (Windows NT 10.0; Win64; x64) AppleWebKit/537.36 (KHTML, like Gecko) Chrome/99.0.4844.74 Safari/537.36 Edg/99.0.1150.46" DataSize=0 Hostname=08VPIQNJZ3IU418 IP="::1" Method=GET Path=//skins/content/default/content.css SpendTime="0 ms" Status=404
time="2022-03-22 17:16:47" level=info Agent="Mozilla/5.0 (Windows NT 10.0; Win64; x64) AppleWebKit/537.36 (KHTML, like Gecko) Chrome/99.0.4844.74 Safari/537.36 Edg/99.0.1150.46" DataSize=159 Hostname=08VPIQNJZ3IU418 IP="::1" Method=GET Path=/api/v1/category SpendTime="1 ms" Status=200
time="2022-03-22 17:20:35" level=info Agent="Mozilla/5.0 (Windows NT 10.0; Win64; x64) AppleWebKit/537.36 (KHTML, like Gecko) Chrome/99.0.4844.74 Safari/537.36 Edg/99.0.1150.46" DataSize=926 Hostname=08VPIQNJZ3IU418 IP="::1" Method=GET Path=/admin SpendTime="1 ms" Status=200
time="2022-03-22 17:20:35" level=info Agent="Mozilla/5.0 (Windows NT 10.0; Win64; x64) AppleWebKit/537.36 (KHTML, like Gecko) Chrome/99.0.4844.74 Safari/537.36 Edg/99.0.1150.46" DataSize=0 Hostname=08VPIQNJZ3IU418 IP="::1" Method=GET Path=/admin/static/css/chunk-vendors.85e33b2a.css SpendTime="2 ms" Status=304
time="2022-03-22 17:20:35" level=info Agent="Mozilla/5.0 (Windows NT 10.0; Win64; x64) AppleWebKit/537.36 (KHTML, like Gecko) Chrome/99.0.4844.74 Safari/537.36 Edg/99.0.1150.46" DataSize=0 Hostname=08VPIQNJZ3IU418 IP="::1" Method=GET Path=/admin/static/css/app.6cc80e76.css SpendTime="1 ms" Status=304
time="2022-03-22 17:20:35" level=info Agent="Mozilla/5.0 (Windows NT 10.0; Win64; x64) AppleWebKit/537.36 (KHTML, like Gecko) Chrome/99.0.4844.74 Safari/537.36 Edg/99.0.1150.46" DataSize=0 Hostname=08VPIQNJZ3IU418 IP="::1" Method=GET Path=/admin/static/js/chunk-vendors.4cb41f5a.js SpendTime="1 ms" Status=304
time="2022-03-22 17:20:35" level=info Agent="Mozilla/5.0 (Windows NT 10.0; Win64; x64) AppleWebKit/537.36 (KHTML, like Gecko) Chrome/99.0.4844.74 Safari/537.36 Edg/99.0.1150.46" DataSize=0 Hostname=08VPIQNJZ3IU418 IP="::1" Method=GET Path=/admin/static/js/app.aa71928f.js SpendTime="1 ms" Status=304
time="2022-03-22 17:20:35" level=info Agent="Mozilla/5.0 (Windows NT 10.0; Win64; x64) AppleWebKit/537.36 (KHTML, like Gecko) Chrome/99.0.4844.74 Safari/537.36 Edg/99.0.1150.46" DataSize=4434718 Hostname=08VPIQNJZ3IU418 IP="::1" Method=GET Path=/admin/static/js/chunk-vendors.4cb41f5a.js.map SpendTime="12 ms" Status=200
time="2022-03-22 17:20:35" level=info Agent="Mozilla/5.0 (Windows NT 10.0; Win64; x64) AppleWebKit/537.36 (KHTML, like Gecko) Chrome/99.0.4844.74 Safari/537.36 Edg/99.0.1150.46" DataSize=2757181 Hostname=08VPIQNJZ3IU418 IP="::1" Method=GET Path=/admin/static/js/app.aa71928f.js.map SpendTime="8 ms" Status=200
time="2022-03-22 17:20:35" level=warning Agent="Mozilla/5.0 (Windows NT 10.0; Win64; x64) AppleWebKit/537.36 (KHTML, like Gecko) Chrome/99.0.4844.74 Safari/537.36 Edg/99.0.1150.46" DataSize=0 Hostname=08VPIQNJZ3IU418 IP="::1" Method=GET Path=//skins/ui/oxide/skin.min.css SpendTime="0 ms" Status=404
time="2022-03-22 17:20:35" level=warning Agent="Mozilla/5.0 (Windows NT 10.0; Win64; x64) AppleWebKit/537.36 (KHTML, like Gecko) Chrome/99.0.4844.74 Safari/537.36 Edg/99.0.1150.46" DataSize=0 Hostname=08VPIQNJZ3IU418 IP="::1" Method=GET Path=//skins/ui/oxide/content.min.css SpendTime="0 ms" Status=404
time="2022-03-22 17:20:35" level=warning Agent="Mozilla/5.0 (Windows NT 10.0; Win64; x64) AppleWebKit/537.36 (KHTML, like Gecko) Chrome/99.0.4844.74 Safari/537.36 Edg/99.0.1150.46" DataSize=0 Hostname=08VPIQNJZ3IU418 IP="::1" Method=GET Path=//skins/content/default/content.css SpendTime="0 ms" Status=404
time="2022-03-22 17:20:35" level=info Agent="Mozilla/5.0 (Windows NT 10.0; Win64; x64) AppleWebKit/537.36 (KHTML, like Gecko) Chrome/99.0.4844.74 Safari/537.36 Edg/99.0.1150.46" DataSize=159 Hostname=08VPIQNJZ3IU418 IP="::1" Method=GET Path=/api/v1/category SpendTime="4 ms" Status=200
time="2022-03-22 17:20:39" level=info Agent="Mozilla/5.0 (Windows NT 10.0; Win64; x64) AppleWebKit/537.36 (KHTML, like Gecko) Chrome/99.0.4844.74 Safari/537.36 Edg/99.0.1150.46" DataSize=1721 Hostname=08VPIQNJZ3IU418 IP="::1" Method=GET Path="/api/v1/article?pagesize=5&pagenum=1" SpendTime="2 ms" Status=200
time="2022-03-22 17:20:39" level=info Agent="Mozilla/5.0 (Windows NT 10.0; Win64; x64) AppleWebKit/537.36 (KHTML, like Gecko) Chrome/99.0.4844.74 Safari/537.36 Edg/99.0.1150.46" DataSize=159 Hostname=08VPIQNJZ3IU418 IP="::1" Method=GET Path=/api/v1/category SpendTime="3 ms" Status=200
time="2022-03-22 17:20:39" level=warning Agent="Mozilla/5.0 (Windows NT 10.0; Win64; x64) AppleWebKit/537.36 (KHTML, like Gecko) Chrome/99.0.4844.74 Safari/537.36 Edg/99.0.1150.46" DataSize=0 Hostname=08VPIQNJZ3IU418 IP="::1" Method=GET Path=//skins/ui/oxide/content.min.css SpendTime="0 ms" Status=404
time="2022-03-22 17:20:39" level=warning Agent="Mozilla/5.0 (Windows NT 10.0; Win64; x64) AppleWebKit/537.36 (KHTML, like Gecko) Chrome/99.0.4844.74 Safari/537.36 Edg/99.0.1150.46" DataSize=0 Hostname=08VPIQNJZ3IU418 IP="::1" Method=GET Path=//skins/content/default/content.css SpendTime="0 ms" Status=404
time="2022-03-22 17:20:39" level=info Agent="Mozilla/5.0 (Windows NT 10.0; Win64; x64) AppleWebKit/537.36 (KHTML, like Gecko) Chrome/99.0.4844.74 Safari/537.36 Edg/99.0.1150.46" DataSize=159 Hostname=08VPIQNJZ3IU418 IP="::1" Method=GET Path=/api/v1/category SpendTime="2 ms" Status=200
time="2022-03-22 17:23:07" level=info Agent="Mozilla/5.0 (Windows NT 10.0; Win64; x64) AppleWebKit/537.36 (KHTML, like Gecko) Chrome/99.0.4844.74 Safari/537.36 Edg/99.0.1150.46" DataSize=159 Hostname=08VPIQNJZ3IU418 IP="::1" Method=GET Path=/api/v1/category SpendTime="3 ms" Status=200
time="2022-03-22 17:23:07" level=info Agent="Mozilla/5.0 (Windows NT 10.0; Win64; x64) AppleWebKit/537.36 (KHTML, like Gecko) Chrome/99.0.4844.74 Safari/537.36 Edg/99.0.1150.46" DataSize=1721 Hostname=08VPIQNJZ3IU418 IP="::1" Method=GET Path="/api/v1/article?pagesize=5&pagenum=1" SpendTime="5 ms" Status=200
time="2022-03-22 17:23:08" level=info Agent="Mozilla/5.0 (Windows NT 10.0; Win64; x64) AppleWebKit/537.36 (KHTML, like Gecko) Chrome/99.0.4844.74 Safari/537.36 Edg/99.0.1150.46" DataSize=159 Hostname=08VPIQNJZ3IU418 IP="::1" Method=GET Path=/api/v1/category SpendTime="2 ms" Status=200
time="2022-03-22 17:23:09" level=info Agent="Mozilla/5.0 (Windows NT 10.0; Win64; x64) AppleWebKit/537.36 (KHTML, like Gecko) Chrome/99.0.4844.74 Safari/537.36 Edg/99.0.1150.46" DataSize=874 Hostname=08VPIQNJZ3IU418 IP="::1" Method=GET Path="/api/v1/users?pagesize=5&pagenum=1" SpendTime="1 ms" Status=200
time="2022-03-22 17:23:10" level=info Agent="Mozilla/5.0 (Windows NT 10.0; Win64; x64) AppleWebKit/537.36 (KHTML, like Gecko) Chrome/99.0.4844.74 Safari/537.36 Edg/99.0.1150.46" DataSize=159 Hostname=08VPIQNJZ3IU418 IP="::1" Method=GET Path=/api/v1/category SpendTime="1 ms" Status=200
time="2022-03-22 17:23:10" level=info Agent="Mozilla/5.0 (Windows NT 10.0; Win64; x64) AppleWebKit/537.36 (KHTML, like Gecko) Chrome/99.0.4844.74 Safari/537.36 Edg/99.0.1150.46" DataSize=1721 Hostname=08VPIQNJZ3IU418 IP="::1" Method=GET Path="/api/v1/article?pagesize=5&pagenum=1" SpendTime="3 ms" Status=200
time="2022-03-22 17:23:11" level=warning Agent="Mozilla/5.0 (Windows NT 10.0; Win64; x64) AppleWebKit/537.36 (KHTML, like Gecko) Chrome/99.0.4844.74 Safari/537.36 Edg/99.0.1150.46" DataSize=0 Hostname=08VPIQNJZ3IU418 IP="::1" Method=GET Path=//skins/ui/oxide/content.min.css SpendTime="0 ms" Status=404
time="2022-03-22 17:23:11" level=warning Agent="Mozilla/5.0 (Windows NT 10.0; Win64; x64) AppleWebKit/537.36 (KHTML, like Gecko) Chrome/99.0.4844.74 Safari/537.36 Edg/99.0.1150.46" DataSize=0 Hostname=08VPIQNJZ3IU418 IP="::1" Method=GET Path=//skins/content/default/content.css SpendTime="0 ms" Status=404
time="2022-03-22 17:23:11" level=info Agent="Mozilla/5.0 (Windows NT 10.0; Win64; x64) AppleWebKit/537.36 (KHTML, like Gecko) Chrome/99.0.4844.74 Safari/537.36 Edg/99.0.1150.46" DataSize=159 Hostname=08VPIQNJZ3IU418 IP="::1" Method=GET Path=/api/v1/category SpendTime="2 ms" Status=200
time="2022-03-22 17:23:13" level=info Agent="Mozilla/5.0 (Windows NT 10.0; Win64; x64) AppleWebKit/537.36 (KHTML, like Gecko) Chrome/99.0.4844.74 Safari/537.36 Edg/99.0.1150.46" DataSize=159 Hostname=08VPIQNJZ3IU418 IP="::1" Method=GET Path=/api/v1/category SpendTime="1 ms" Status=200
time="2022-03-22 17:23:13" level=info Agent="Mozilla/5.0 (Windows NT 10.0; Win64; x64) AppleWebKit/537.36 (KHTML, like Gecko) Chrome/99.0.4844.74 Safari/537.36 Edg/99.0.1150.46" DataSize=1721 Hostname=08VPIQNJZ3IU418 IP="::1" Method=GET Path="/api/v1/article?pagesize=5&pagenum=1" SpendTime="4 ms" Status=200
time="2022-03-22 17:35:24" level=info Agent="Mozilla/5.0 (Windows NT 10.0; WOW64) AppleWebKit/537.36 (KHTML, like Gecko) Chrome/83.0.4103.61 Safari/537.36 115Browser/24.3.0.3" DataSize=926 Hostname=08VPIQNJZ3IU418 IP="::1" Method=GET Path=/admin SpendTime="2 ms" Status=200
time="2022-03-22 17:35:24" level=warning Agent="Mozilla/5.0 (Windows NT 10.0; WOW64) AppleWebKit/537.36 (KHTML, like Gecko) Chrome/83.0.4103.61 Safari/537.36 115Browser/24.3.0.3" DataSize=0 Hostname=08VPIQNJZ3IU418 IP="::1" Method=GET Path=/admin/static/js/chunk-vendors.4cb41f5a.js SpendTime="1 ms" Status=404
time="2022-03-22 17:35:24" level=warning Agent="Mozilla/5.0 (Windows NT 10.0; WOW64) AppleWebKit/537.36 (KHTML, like Gecko) Chrome/83.0.4103.61 Safari/537.36 115Browser/24.3.0.3" DataSize=0 Hostname=08VPIQNJZ3IU418 IP="::1" Method=GET Path=/admin/static/js/app.b2e0503d.js SpendTime="1 ms" Status=404
time="2022-03-22 17:35:24" level=warning Agent="Mozilla/5.0 (Windows NT 10.0; WOW64) AppleWebKit/537.36 (KHTML, like Gecko) Chrome/83.0.4103.61 Safari/537.36 115Browser/24.3.0.3" DataSize=0 Hostname=08VPIQNJZ3IU418 IP="::1" Method=GET Path=/admin/static/css/chunk-vendors.85e33b2a.css SpendTime="0 ms" Status=404
time="2022-03-22 17:35:24" level=warning Agent="Mozilla/5.0 (Windows NT 10.0; WOW64) AppleWebKit/537.36 (KHTML, like Gecko) Chrome/83.0.4103.61 Safari/537.36 115Browser/24.3.0.3" DataSize=0 Hostname=08VPIQNJZ3IU418 IP="::1" Method=GET Path=/admin/static/css/app.cf0f20bf.css SpendTime="1 ms" Status=404
time="2022-03-22 17:35:24" level=info Agent="Mozilla/5.0 (Windows NT 10.0; WOW64) AppleWebKit/537.36 (KHTML, like Gecko) Chrome/83.0.4103.61 Safari/537.36 115Browser/24.3.0.3" DataSize=0 Hostname=08VPIQNJZ3IU418 IP="::1" Method=GET Path=/admin/favicon.ico SpendTime="1 ms" Status=301
time="2022-03-22 17:35:43" level=info Agent="Mozilla/5.0 (Windows NT 10.0; Win64; x64) AppleWebKit/537.36 (KHTML, like Gecko) Chrome/99.0.4844.74 Safari/537.36 Edg/99.0.1150.46" DataSize=926 Hostname=08VPIQNJZ3IU418 IP="::1" Method=GET Path=/admin SpendTime="1 ms" Status=200
time="2022-03-22 17:35:43" level=warning Agent="Mozilla/5.0 (Windows NT 10.0; Win64; x64) AppleWebKit/537.36 (KHTML, like Gecko) Chrome/99.0.4844.74 Safari/537.36 Edg/99.0.1150.46" DataSize=0 Hostname=08VPIQNJZ3IU418 IP="::1" Method=GET Path=/admin/static/css/chunk-vendors.85e33b2a.css SpendTime="1 ms" Status=404
time="2022-03-22 17:35:43" level=warning Agent="Mozilla/5.0 (Windows NT 10.0; Win64; x64) AppleWebKit/537.36 (KHTML, like Gecko) Chrome/99.0.4844.74 Safari/537.36 Edg/99.0.1150.46" DataSize=0 Hostname=08VPIQNJZ3IU418 IP="::1" Method=GET Path=/admin/static/css/app.cf0f20bf.css SpendTime="0 ms" Status=404
time="2022-03-22 17:35:43" level=warning Agent="Mozilla/5.0 (Windows NT 10.0; Win64; x64) AppleWebKit/537.36 (KHTML, like Gecko) Chrome/99.0.4844.74 Safari/537.36 Edg/99.0.1150.46" DataSize=0 Hostname=08VPIQNJZ3IU418 IP="::1" Method=GET Path=/admin/static/js/app.b2e0503d.js SpendTime="0 ms" Status=404
time="2022-03-22 17:35:43" level=warning Agent="Mozilla/5.0 (Windows NT 10.0; Win64; x64) AppleWebKit/537.36 (KHTML, like Gecko) Chrome/99.0.4844.74 Safari/537.36 Edg/99.0.1150.46" DataSize=0 Hostname=08VPIQNJZ3IU418 IP="::1" Method=GET Path=/admin/static/js/chunk-vendors.4cb41f5a.js SpendTime="0 ms" Status=404
time="2022-03-22 17:35:43" level=info Agent="Mozilla/5.0 (Windows NT 10.0; Win64; x64) AppleWebKit/537.36 (KHTML, like Gecko) Chrome/99.0.4844.74 Safari/537.36 Edg/99.0.1150.46" DataSize=0 Hostname=08VPIQNJZ3IU418 IP="::1" Method=GET Path=/admin/favicon.ico SpendTime="1 ms" Status=301
time="2022-03-22 17:35:59" level=info Agent="Mozilla/5.0 (Windows NT 10.0; Win64; x64) AppleWebKit/537.36 (KHTML, like Gecko) Chrome/99.0.4844.74 Safari/537.36 Edg/99.0.1150.46" DataSize=926 Hostname=08VPIQNJZ3IU418 IP="::1" Method=GET Path=/admin SpendTime="1 ms" Status=200
time="2022-03-22 17:35:59" level=warning Agent="Mozilla/5.0 (Windows NT 10.0; Win64; x64) AppleWebKit/537.36 (KHTML, like Gecko) Chrome/99.0.4844.74 Safari/537.36 Edg/99.0.1150.46" DataSize=0 Hostname=08VPIQNJZ3IU418 IP="::1" Method=GET Path=/admin/static/css/chunk-vendors.85e33b2a.css SpendTime="1 ms" Status=404
time="2022-03-22 17:35:59" level=warning Agent="Mozilla/5.0 (Windows NT 10.0; Win64; x64) AppleWebKit/537.36 (KHTML, like Gecko) Chrome/99.0.4844.74 Safari/537.36 Edg/99.0.1150.46" DataSize=0 Hostname=08VPIQNJZ3IU418 IP="::1" Method=GET Path=/admin/static/css/app.cf0f20bf.css SpendTime="0 ms" Status=404
time="2022-03-22 17:35:59" level=warning Agent="Mozilla/5.0 (Windows NT 10.0; Win64; x64) AppleWebKit/537.36 (KHTML, like Gecko) Chrome/99.0.4844.74 Safari/537.36 Edg/99.0.1150.46" DataSize=0 Hostname=08VPIQNJZ3IU418 IP="::1" Method=GET Path=/admin/static/js/chunk-vendors.4cb41f5a.js SpendTime="0 ms" Status=404
time="2022-03-22 17:35:59" level=warning Agent="Mozilla/5.0 (Windows NT 10.0; Win64; x64) AppleWebKit/537.36 (KHTML, like Gecko) Chrome/99.0.4844.74 Safari/537.36 Edg/99.0.1150.46" DataSize=0 Hostname=08VPIQNJZ3IU418 IP="::1" Method=GET Path=/admin/static/js/app.b2e0503d.js SpendTime="0 ms" Status=404
time="2022-03-22 17:37:18" level=info Agent="Mozilla/5.0 (Windows NT 10.0; Win64; x64) AppleWebKit/537.36 (KHTML, like Gecko) Chrome/99.0.4844.74 Safari/537.36 Edg/99.0.1150.46" DataSize=926 Hostname=08VPIQNJZ3IU418 IP="::1" Method=GET Path=/admin SpendTime="1 ms" Status=200
time="2022-03-22 17:37:18" level=info Agent="Mozilla/5.0 (Windows NT 10.0; Win64; x64) AppleWebKit/537.36 (KHTML, like Gecko) Chrome/99.0.4844.74 Safari/537.36 Edg/99.0.1150.46" DataSize=59359 Hostname=08VPIQNJZ3IU418 IP="::1" Method=GET Path=/admin/static/css/app.cf0f20bf.css SpendTime="171 ms" Status=200
time="2022-03-22 17:37:18" level=info Agent="Mozilla/5.0 (Windows NT 10.0; Win64; x64) AppleWebKit/537.36 (KHTML, like Gecko) Chrome/99.0.4844.74 Safari/537.36 Edg/99.0.1150.46" DataSize=276755 Hostname=08VPIQNJZ3IU418 IP="::1" Method=GET Path=/admin/static/css/chunk-vendors.85e33b2a.css SpendTime="173 ms" Status=200
time="2022-03-22 17:37:18" level=info Agent="Mozilla/5.0 (Windows NT 10.0; Win64; x64) AppleWebKit/537.36 (KHTML, like Gecko) Chrome/99.0.4844.74 Safari/537.36 Edg/99.0.1150.46" DataSize=1479575 Hostname=08VPIQNJZ3IU418 IP="::1" Method=GET Path=/admin/static/js/chunk-vendors.4cb41f5a.js SpendTime="173 ms" Status=200
time="2022-03-22 17:37:18" level=info Agent="Mozilla/5.0 (Windows NT 10.0; Win64; x64) AppleWebKit/537.36 (KHTML, like Gecko) Chrome/99.0.4844.74 Safari/537.36 Edg/99.0.1150.46" DataSize=1183376 Hostname=08VPIQNJZ3IU418 IP="::1" Method=GET Path=/admin/static/js/app.b2e0503d.js SpendTime="175 ms" Status=200
time="2022-03-22 17:37:24" level=info Agent="Mozilla/5.0 (Windows NT 10.0; Win64; x64) AppleWebKit/537.36 (KHTML, like Gecko) Chrome/99.0.4844.74 Safari/537.36 Edg/99.0.1150.46" DataSize=196 Hostname=08VPIQNJZ3IU418 IP="::1" Method=POST Path=/api/v1/login SpendTime="61 ms" Status=200
time="2022-03-22 17:37:26" level=warning Agent="Mozilla/5.0 (Windows NT 10.0; Win64; x64) AppleWebKit/537.36 (KHTML, like Gecko) Chrome/99.0.4844.74 Safari/537.36 Edg/99.0.1150.46" DataSize=0 Hostname=08VPIQNJZ3IU418 IP="::1" Method=GET Path=//skins/ui/oxide/skin.min.css SpendTime="0 ms" Status=404
time="2022-03-22 17:37:26" level=warning Agent="Mozilla/5.0 (Windows NT 10.0; Win64; x64) AppleWebKit/537.36 (KHTML, like Gecko) Chrome/99.0.4844.74 Safari/537.36 Edg/99.0.1150.46" DataSize=0 Hostname=08VPIQNJZ3IU418 IP="::1" Method=GET Path=//skins/ui/oxide/content.min.css SpendTime="0 ms" Status=404
time="2022-03-22 17:37:26" level=warning Agent="Mozilla/5.0 (Windows NT 10.0; Win64; x64) AppleWebKit/537.36 (KHTML, like Gecko) Chrome/99.0.4844.74 Safari/537.36 Edg/99.0.1150.46" DataSize=0 Hostname=08VPIQNJZ3IU418 IP="::1" Method=GET Path=//skins/content/default/content.css SpendTime="0 ms" Status=404
time="2022-03-22 17:37:26" level=info Agent="Mozilla/5.0 (Windows NT 10.0; Win64; x64) AppleWebKit/537.36 (KHTML, like Gecko) Chrome/99.0.4844.74 Safari/537.36 Edg/99.0.1150.46" DataSize=159 Hostname=08VPIQNJZ3IU418 IP="::1" Method=GET Path=/api/v1/category SpendTime="1 ms" Status=200
time="2022-03-22 17:37:29" level=warning Agent="Mozilla/5.0 (Windows NT 10.0; Win64; x64) AppleWebKit/537.36 (KHTML, like Gecko) Chrome/99.0.4844.74 Safari/537.36 Edg/99.0.1150.46" DataSize=0 Hostname=08VPIQNJZ3IU418 IP="::1" Method=GET Path=//skins/ui/oxide/skin.min.css SpendTime="0 ms" Status=404
time="2022-03-22 17:37:29" level=warning Agent="Mozilla/5.0 (Windows NT 10.0; Win64; x64) AppleWebKit/537.36 (KHTML, like Gecko) Chrome/99.0.4844.74 Safari/537.36 Edg/99.0.1150.46" DataSize=0 Hostname=08VPIQNJZ3IU418 IP="::1" Method=GET Path=//skins/ui/oxide/content.min.css SpendTime="0 ms" Status=404
time="2022-03-22 17:37:29" level=warning Agent="Mozilla/5.0 (Windows NT 10.0; Win64; x64) AppleWebKit/537.36 (KHTML, like Gecko) Chrome/99.0.4844.74 Safari/537.36 Edg/99.0.1150.46" DataSize=0 Hostname=08VPIQNJZ3IU418 IP="::1" Method=GET Path=//skins/content/default/content.css SpendTime="0 ms" Status=404
time="2022-03-22 17:37:29" level=info Agent="Mozilla/5.0 (Windows NT 10.0; Win64; x64) AppleWebKit/537.36 (KHTML, like Gecko) Chrome/99.0.4844.74 Safari/537.36 Edg/99.0.1150.46" DataSize=4434718 Hostname=08VPIQNJZ3IU418 IP="::1" Method=GET Path=/admin/static/js/chunk-vendors.4cb41f5a.js.map SpendTime="8 ms" Status=200
time="2022-03-22 17:37:29" level=info Agent="Mozilla/5.0 (Windows NT 10.0; Win64; x64) AppleWebKit/537.36 (KHTML, like Gecko) Chrome/99.0.4844.74 Safari/537.36 Edg/99.0.1150.46" DataSize=2757414 Hostname=08VPIQNJZ3IU418 IP="::1" Method=GET Path=/admin/static/js/app.b2e0503d.js.map SpendTime="10 ms" Status=200
time="2022-03-22 17:37:35" level=info Agent="Mozilla/5.0 (Windows NT 10.0; Win64; x64) AppleWebKit/537.36 (KHTML, like Gecko) Chrome/99.0.4844.74 Safari/537.36 Edg/99.0.1150.46" DataSize=159 Hostname=08VPIQNJZ3IU418 IP="::1" Method=GET Path=/api/v1/category SpendTime="3 ms" Status=200
time="2022-03-22 17:37:35" level=info Agent="Mozilla/5.0 (Windows NT 10.0; Win64; x64) AppleWebKit/537.36 (KHTML, like Gecko) Chrome/99.0.4844.74 Safari/537.36 Edg/99.0.1150.46" DataSize=1721 Hostname=08VPIQNJZ3IU418 IP="::1" Method=GET Path="/api/v1/article?pagesize=5&pagenum=1" SpendTime="5 ms" Status=200
time="2022-03-22 17:37:38" level=info Agent="Mozilla/5.0 (Windows NT 10.0; Win64; x64) AppleWebKit/537.36 (KHTML, like Gecko) Chrome/99.0.4844.74 Safari/537.36 Edg/99.0.1150.46" DataSize=159 Hostname=08VPIQNJZ3IU418 IP="::1" Method=GET Path=/api/v1/category SpendTime="2 ms" Status=200
time="2022-03-22 17:37:38" level=info Agent="Mozilla/5.0 (Windows NT 10.0; Win64; x64) AppleWebKit/537.36 (KHTML, like Gecko) Chrome/99.0.4844.74 Safari/537.36 Edg/99.0.1150.46" DataSize=874 Hostname=08VPIQNJZ3IU418 IP="::1" Method=GET Path="/api/v1/users?pagesize=5&pagenum=1" SpendTime="1 ms" Status=200
time="2022-03-22 17:37:40" level=warning Agent="Mozilla/5.0 (Windows NT 10.0; Win64; x64) AppleWebKit/537.36 (KHTML, like Gecko) Chrome/99.0.4844.74 Safari/537.36 Edg/99.0.1150.46" DataSize=0 Hostname=08VPIQNJZ3IU418 IP="::1" Method=GET Path=//skins/ui/oxide/content.min.css SpendTime="0 ms" Status=404
time="2022-03-22 17:37:40" level=warning Agent="Mozilla/5.0 (Windows NT 10.0; Win64; x64) AppleWebKit/537.36 (KHTML, like Gecko) Chrome/99.0.4844.74 Safari/537.36 Edg/99.0.1150.46" DataSize=0 Hostname=08VPIQNJZ3IU418 IP="::1" Method=GET Path=//skins/content/default/content.css SpendTime="0 ms" Status=404
time="2022-03-22 17:37:40" level=info Agent="Mozilla/5.0 (Windows NT 10.0; Win64; x64) AppleWebKit/537.36 (KHTML, like Gecko) Chrome/99.0.4844.74 Safari/537.36 Edg/99.0.1150.46" DataSize=159 Hostname=08VPIQNJZ3IU418 IP="::1" Method=GET Path=/api/v1/category SpendTime="1 ms" Status=200
time="2022-03-22 22:41:43" level=info Agent="Mozilla/5.0 (Windows NT 10.0; Win64; x64) AppleWebKit/537.36 (KHTML, like Gecko) Chrome/99.0.4844.74 Safari/537.36 Edg/99.0.1150.46" DataSize=926 Hostname=08VPIQNJZ3IU418 IP="::1" Method=GET Path=/admin SpendTime="2 ms" Status=200
time="2022-03-22 22:41:43" level=info Agent="Mozilla/5.0 (Windows NT 10.0; Win64; x64) AppleWebKit/537.36 (KHTML, like Gecko) Chrome/99.0.4844.74 Safari/537.36 Edg/99.0.1150.46" DataSize=0 Hostname=08VPIQNJZ3IU418 IP="::1" Method=GET Path=/admin/static/css/chunk-vendors.85e33b2a.css SpendTime="2 ms" Status=304
time="2022-03-22 22:41:43" level=info Agent="Mozilla/5.0 (Windows NT 10.0; Win64; x64) AppleWebKit/537.36 (KHTML, like Gecko) Chrome/99.0.4844.74 Safari/537.36 Edg/99.0.1150.46" DataSize=0 Hostname=08VPIQNJZ3IU418 IP="::1" Method=GET Path=/admin/static/css/app.cf0f20bf.css SpendTime="1 ms" Status=304
time="2022-03-22 22:41:43" level=info Agent="Mozilla/5.0 (Windows NT 10.0; Win64; x64) AppleWebKit/537.36 (KHTML, like Gecko) Chrome/99.0.4844.74 Safari/537.36 Edg/99.0.1150.46" DataSize=0 Hostname=08VPIQNJZ3IU418 IP="::1" Method=GET Path=/admin/static/js/app.b2e0503d.js SpendTime="1 ms" Status=304
time="2022-03-22 22:41:43" level=info Agent="Mozilla/5.0 (Windows NT 10.0; Win64; x64) AppleWebKit/537.36 (KHTML, like Gecko) Chrome/99.0.4844.74 Safari/537.36 Edg/99.0.1150.46" DataSize=0 Hostname=08VPIQNJZ3IU418 IP="::1" Method=GET Path=/admin/static/js/chunk-vendors.4cb41f5a.js SpendTime="1 ms" Status=304
time="2022-03-22 22:41:44" level=info Agent="Mozilla/5.0 (Windows NT 10.0; Win64; x64) AppleWebKit/537.36 (KHTML, like Gecko) Chrome/99.0.4844.74 Safari/537.36 Edg/99.0.1150.46" DataSize=2757414 Hostname=08VPIQNJZ3IU418 IP="::1" Method=GET Path=/admin/static/js/app.b2e0503d.js.map SpendTime="101 ms" Status=200
time="2022-03-22 22:41:44" level=info Agent="Mozilla/5.0 (Windows NT 10.0; Win64; x64) AppleWebKit/537.36 (KHTML, like Gecko) Chrome/99.0.4844.74 Safari/537.36 Edg/99.0.1150.46" DataSize=4434718 Hostname=08VPIQNJZ3IU418 IP="::1" Method=GET Path=/admin/static/js/chunk-vendors.4cb41f5a.js.map SpendTime="161 ms" Status=200
time="2022-03-22 22:41:44" level=warning Agent="Mozilla/5.0 (Windows NT 10.0; Win64; x64) AppleWebKit/537.36 (KHTML, like Gecko) Chrome/99.0.4844.74 Safari/537.36 Edg/99.0.1150.46" DataSize=0 Hostname=08VPIQNJZ3IU418 IP="::1" Method=GET Path=//skins/ui/oxide/skin.min.css SpendTime="0 ms" Status=404
time="2022-03-22 22:41:44" level=warning Agent="Mozilla/5.0 (Windows NT 10.0; Win64; x64) AppleWebKit/537.36 (KHTML, like Gecko) Chrome/99.0.4844.74 Safari/537.36 Edg/99.0.1150.46" DataSize=0 Hostname=08VPIQNJZ3IU418 IP="::1" Method=GET Path=//skins/ui/oxide/content.min.css SpendTime="0 ms" Status=404
time="2022-03-22 22:41:44" level=warning Agent="Mozilla/5.0 (Windows NT 10.0; Win64; x64) AppleWebKit/537.36 (KHTML, like Gecko) Chrome/99.0.4844.74 Safari/537.36 Edg/99.0.1150.46" DataSize=0 Hostname=08VPIQNJZ3IU418 IP="::1" Method=GET Path=//skins/content/default/content.css SpendTime="0 ms" Status=404
time="2022-03-22 22:41:44" level=info Agent="Mozilla/5.0 (Windows NT 10.0; Win64; x64) AppleWebKit/537.36 (KHTML, like Gecko) Chrome/99.0.4844.74 Safari/537.36 Edg/99.0.1150.46" DataSize=159 Hostname=08VPIQNJZ3IU418 IP="::1" Method=GET Path=/api/v1/category SpendTime="1 ms" Status=200
time="2022-03-22 22:42:57" level=info Agent="Mozilla/5.0 (Windows NT 10.0; Win64; x64) AppleWebKit/537.36 (KHTML, like Gecko) Chrome/99.0.4844.74 Safari/537.36 Edg/99.0.1150.46" DataSize=159 Hostname=08VPIQNJZ3IU418 IP="::1" Method=GET Path=/api/v1/category SpendTime="3 ms" Status=200
time="2022-03-22 22:42:57" level=info Agent="Mozilla/5.0 (Windows NT 10.0; Win64; x64) AppleWebKit/537.36 (KHTML, like Gecko) Chrome/99.0.4844.74 Safari/537.36 Edg/99.0.1150.46" DataSize=1721 Hostname=08VPIQNJZ3IU418 IP="::1" Method=GET Path="/api/v1/article?pagesize=5&pagenum=1" SpendTime="5 ms" Status=200
time="2022-03-22 22:42:59" level=warning Agent="Mozilla/5.0 (Windows NT 10.0; Win64; x64) AppleWebKit/537.36 (KHTML, like Gecko) Chrome/99.0.4844.74 Safari/537.36 Edg/99.0.1150.46" DataSize=0 Hostname=08VPIQNJZ3IU418 IP="::1" Method=GET Path=//skins/ui/oxide/content.min.css SpendTime="0 ms" Status=404
time="2022-03-22 22:42:59" level=warning Agent="Mozilla/5.0 (Windows NT 10.0; Win64; x64) AppleWebKit/537.36 (KHTML, like Gecko) Chrome/99.0.4844.74 Safari/537.36 Edg/99.0.1150.46" DataSize=0 Hostname=08VPIQNJZ3IU418 IP="::1" Method=GET Path=//skins/content/default/content.css SpendTime="0 ms" Status=404
time="2022-03-22 22:42:59" level=info Agent="Mozilla/5.0 (Windows NT 10.0; Win64; x64) AppleWebKit/537.36 (KHTML, like Gecko) Chrome/99.0.4844.74 Safari/537.36 Edg/99.0.1150.46" DataSize=159 Hostname=08VPIQNJZ3IU418 IP="::1" Method=GET Path=/api/v1/category SpendTime="1 ms" Status=200
time="2022-03-22 22:44:35" level=info Agent="Mozilla/5.0 (Windows NT 10.0; Win64; x64) AppleWebKit/537.36 (KHTML, like Gecko) Chrome/99.0.4844.74 Safari/537.36 Edg/99.0.1150.46" DataSize=926 Hostname=08VPIQNJZ3IU418 IP="::1" Method=GET Path=/admin SpendTime="2 ms" Status=200
time="2022-03-22 22:44:36" level=info Agent="Mozilla/5.0 (Windows NT 10.0; Win64; x64) AppleWebKit/537.36 (KHTML, like Gecko) Chrome/99.0.4844.74 Safari/537.36 Edg/99.0.1150.46" DataSize=4434718 Hostname=08VPIQNJZ3IU418 IP="::1" Method=GET Path=/admin/static/js/chunk-vendors.4cb41f5a.js.map SpendTime="13 ms" Status=200
time="2022-03-22 22:44:36" level=info Agent="Mozilla/5.0 (Windows NT 10.0; Win64; x64) AppleWebKit/537.36 (KHTML, like Gecko) Chrome/99.0.4844.74 Safari/537.36 Edg/99.0.1150.46" DataSize=2757414 Hostname=08VPIQNJZ3IU418 IP="::1" Method=GET Path=/admin/static/js/app.b2e0503d.js.map SpendTime="8 ms" Status=200
time="2022-03-22 22:44:36" level=warning Agent="Mozilla/5.0 (Windows NT 10.0; Win64; x64) AppleWebKit/537.36 (KHTML, like Gecko) Chrome/99.0.4844.74 Safari/537.36 Edg/99.0.1150.46" DataSize=0 Hostname=08VPIQNJZ3IU418 IP="::1" Method=GET Path=//skins/ui/oxide/skin.min.css SpendTime="0 ms" Status=404
time="2022-03-22 22:44:36" level=warning Agent="Mozilla/5.0 (Windows NT 10.0; Win64; x64) AppleWebKit/537.36 (KHTML, like Gecko) Chrome/99.0.4844.74 Safari/537.36 Edg/99.0.1150.46" DataSize=0 Hostname=08VPIQNJZ3IU418 IP="::1" Method=GET Path=//skins/ui/oxide/content.min.css SpendTime="0 ms" Status=404
time="2022-03-22 22:44:36" level=warning Agent="Mozilla/5.0 (Windows NT 10.0; Win64; x64) AppleWebKit/537.36 (KHTML, like Gecko) Chrome/99.0.4844.74 Safari/537.36 Edg/99.0.1150.46" DataSize=0 Hostname=08VPIQNJZ3IU418 IP="::1" Method=GET Path=//skins/content/default/content.css SpendTime="0 ms" Status=404
time="2022-03-22 22:44:36" level=info Agent="Mozilla/5.0 (Windows NT 10.0; Win64; x64) AppleWebKit/537.36 (KHTML, like Gecko) Chrome/99.0.4844.74 Safari/537.36 Edg/99.0.1150.46" DataSize=159 Hostname=08VPIQNJZ3IU418 IP="::1" Method=GET Path=/api/v1/category SpendTime="4 ms" Status=200
time="2022-03-22 22:51:22" level=info Agent="Mozilla/5.0 (Windows NT 10.0; Win64; x64) AppleWebKit/537.36 (KHTML, like Gecko) Chrome/99.0.4844.74 Safari/537.36 Edg/99.0.1150.46" DataSize=926 Hostname=08VPIQNJZ3IU418 IP="::1" Method=GET Path=/admin SpendTime="1 ms" Status=200
time="2022-03-22 22:51:22" level=info Agent="Mozilla/5.0 (Windows NT 10.0; Win64; x64) AppleWebKit/537.36 (KHTML, like Gecko) Chrome/99.0.4844.74 Safari/537.36 Edg/99.0.1150.46" DataSize=4434718 Hostname=08VPIQNJZ3IU418 IP="::1" Method=GET Path=/admin/static/js/chunk-vendors.4cb41f5a.js.map SpendTime="141 ms" Status=200
time="2022-03-22 22:51:22" level=info Agent="Mozilla/5.0 (Windows NT 10.0; Win64; x64) AppleWebKit/537.36 (KHTML, like Gecko) Chrome/99.0.4844.74 Safari/537.36 Edg/99.0.1150.46" DataSize=2757414 Hostname=08VPIQNJZ3IU418 IP="::1" Method=GET Path=/admin/static/js/app.b2e0503d.js.map SpendTime="95 ms" Status=200
time="2022-03-22 22:51:22" level=warning Agent="Mozilla/5.0 (Windows NT 10.0; Win64; x64) AppleWebKit/537.36 (KHTML, like Gecko) Chrome/99.0.4844.74 Safari/537.36 Edg/99.0.1150.46" DataSize=0 Hostname=08VPIQNJZ3IU418 IP="::1" Method=GET Path=//skins/ui/oxide/skin.min.css SpendTime="0 ms" Status=404
time="2022-03-22 22:51:23" level=warning Agent="Mozilla/5.0 (Windows NT 10.0; Win64; x64) AppleWebKit/537.36 (KHTML, like Gecko) Chrome/99.0.4844.74 Safari/537.36 Edg/99.0.1150.46" DataSize=0 Hostname=08VPIQNJZ3IU418 IP="::1" Method=GET Path=//skins/ui/oxide/content.min.css SpendTime="0 ms" Status=404
time="2022-03-22 22:51:23" level=warning Agent="Mozilla/5.0 (Windows NT 10.0; Win64; x64) AppleWebKit/537.36 (KHTML, like Gecko) Chrome/99.0.4844.74 Safari/537.36 Edg/99.0.1150.46" DataSize=0 Hostname=08VPIQNJZ3IU418 IP="::1" Method=GET Path=//skins/content/default/content.css SpendTime="0 ms" Status=404
time="2022-03-22 22:51:23" level=info Agent="Mozilla/5.0 (Windows NT 10.0; Win64; x64) AppleWebKit/537.36 (KHTML, like Gecko) Chrome/99.0.4844.74 Safari/537.36 Edg/99.0.1150.46" DataSize=159 Hostname=08VPIQNJZ3IU418 IP="::1" Method=GET Path=/api/v1/category SpendTime="2 ms" Status=200
time="2022-03-22 22:57:43" level=info Agent="Mozilla/5.0 (Windows NT 10.0; Win64; x64) AppleWebKit/537.36 (KHTML, like Gecko) Chrome/99.0.4844.74 Safari/537.36 Edg/99.0.1150.46" DataSize=926 Hostname=08VPIQNJZ3IU418 IP="::1" Method=GET Path=/admin SpendTime="2 ms" Status=200
time="2022-03-22 22:57:43" level=info Agent="Mozilla/5.0 (Windows NT 10.0; Win64; x64) AppleWebKit/537.36 (KHTML, like Gecko) Chrome/99.0.4844.74 Safari/537.36 Edg/99.0.1150.46" DataSize=59359 Hostname=08VPIQNJZ3IU418 IP="::1" Method=GET Path=/admin/static/css/app.9ff49997.css SpendTime="141 ms" Status=200
time="2022-03-22 22:57:43" level=info Agent="Mozilla/5.0 (Windows NT 10.0; Win64; x64) AppleWebKit/537.36 (KHTML, like Gecko) Chrome/99.0.4844.74 Safari/537.36 Edg/99.0.1150.46" DataSize=1183372 Hostname=08VPIQNJZ3IU418 IP="::1" Method=GET Path=/admin/static/js/app.ff46ad58.js SpendTime="142 ms" Status=200
time="2022-03-22 22:57:43" level=info Agent="Mozilla/5.0 (Windows NT 10.0; Win64; x64) AppleWebKit/537.36 (KHTML, like Gecko) Chrome/99.0.4844.74 Safari/537.36 Edg/99.0.1150.46" DataSize=4434718 Hostname=08VPIQNJZ3IU418 IP="::1" Method=GET Path=/admin/static/js/chunk-vendors.4cb41f5a.js.map SpendTime="67 ms" Status=200
time="2022-03-22 22:57:43" level=info Agent="Mozilla/5.0 (Windows NT 10.0; Win64; x64) AppleWebKit/537.36 (KHTML, like Gecko) Chrome/99.0.4844.74 Safari/537.36 Edg/99.0.1150.46" DataSize=2757257 Hostname=08VPIQNJZ3IU418 IP="::1" Method=GET Path=/admin/static/js/app.ff46ad58.js.map SpendTime="5 ms" Status=200
time="2022-03-22 22:57:44" level=warning Agent="Mozilla/5.0 (Windows NT 10.0; Win64; x64) AppleWebKit/537.36 (KHTML, like Gecko) Chrome/99.0.4844.74 Safari/537.36 Edg/99.0.1150.46" DataSize=0 Hostname=08VPIQNJZ3IU418 IP="::1" Method=GET Path=//skins/ui/oxide/skin.min.css SpendTime="0 ms" Status=404
time="2022-03-22 22:57:44" level=warning Agent="Mozilla/5.0 (Windows NT 10.0; Win64; x64) AppleWebKit/537.36 (KHTML, like Gecko) Chrome/99.0.4844.74 Safari/537.36 Edg/99.0.1150.46" DataSize=0 Hostname=08VPIQNJZ3IU418 IP="::1" Method=GET Path=//skins/ui/oxide/content.min.css SpendTime="0 ms" Status=404
time="2022-03-22 22:57:44" level=warning Agent="Mozilla/5.0 (Windows NT 10.0; Win64; x64) AppleWebKit/537.36 (KHTML, like Gecko) Chrome/99.0.4844.74 Safari/537.36 Edg/99.0.1150.46" DataSize=0 Hostname=08VPIQNJZ3IU418 IP="::1" Method=GET Path=//skins/content/default/content.css SpendTime="0 ms" Status=404
time="2022-03-22 22:57:44" level=info Agent="Mozilla/5.0 (Windows NT 10.0; Win64; x64) AppleWebKit/537.36 (KHTML, like Gecko) Chrome/99.0.4844.74 Safari/537.36 Edg/99.0.1150.46" DataSize=159 Hostname=08VPIQNJZ3IU418 IP="::1" Method=GET Path=/api/v1/category SpendTime="3 ms" Status=200
time="2022-03-22 22:59:57" level=info Agent="Mozilla/5.0 (Windows NT 10.0; Win64; x64) AppleWebKit/537.36 (KHTML, like Gecko) Chrome/99.0.4844.74 Safari/537.36 Edg/99.0.1150.46" DataSize=926 Hostname=08VPIQNJZ3IU418 IP="::1" Method=GET Path=/admin SpendTime="2 ms" Status=200
time="2022-03-22 22:59:57" level=info Agent="Mozilla/5.0 (Windows NT 10.0; Win64; x64) AppleWebKit/537.36 (KHTML, like Gecko) Chrome/99.0.4844.74 Safari/537.36 Edg/99.0.1150.46" DataSize=0 Hostname=08VPIQNJZ3IU418 IP="::1" Method=GET Path=/admin/static/css/app.9ff49997.css SpendTime="1 ms" Status=304
time="2022-03-22 22:59:57" level=info Agent="Mozilla/5.0 (Windows NT 10.0; Win64; x64) AppleWebKit/537.36 (KHTML, like Gecko) Chrome/99.0.4844.74 Safari/537.36 Edg/99.0.1150.46" DataSize=0 Hostname=08VPIQNJZ3IU418 IP="::1" Method=GET Path=/admin/static/js/app.ff46ad58.js SpendTime="1 ms" Status=304
time="2022-03-22 22:59:57" level=info Agent="Mozilla/5.0 (Windows NT 10.0; Win64; x64) AppleWebKit/537.36 (KHTML, like Gecko) Chrome/99.0.4844.74 Safari/537.36 Edg/99.0.1150.46" DataSize=2757257 Hostname=08VPIQNJZ3IU418 IP="::1" Method=GET Path=/admin/static/js/app.ff46ad58.js.map SpendTime="105 ms" Status=200
time="2022-03-22 22:59:57" level=info Agent="Mozilla/5.0 (Windows NT 10.0; Win64; x64) AppleWebKit/537.36 (KHTML, like Gecko) Chrome/99.0.4844.74 Safari/537.36 Edg/99.0.1150.46" DataSize=4434718 Hostname=08VPIQNJZ3IU418 IP="::1" Method=GET Path=/admin/static/js/chunk-vendors.4cb41f5a.js.map SpendTime="156 ms" Status=200
time="2022-03-22 22:59:57" level=warning Agent="Mozilla/5.0 (Windows NT 10.0; Win64; x64) AppleWebKit/537.36 (KHTML, like Gecko) Chrome/99.0.4844.74 Safari/537.36 Edg/99.0.1150.46" DataSize=0 Hostname=08VPIQNJZ3IU418 IP="::1" Method=GET Path=//skins/ui/oxide/skin.min.css SpendTime="0 ms" Status=404
time="2022-03-22 22:59:57" level=warning Agent="Mozilla/5.0 (Windows NT 10.0; Win64; x64) AppleWebKit/537.36 (KHTML, like Gecko) Chrome/99.0.4844.74 Safari/537.36 Edg/99.0.1150.46" DataSize=0 Hostname=08VPIQNJZ3IU418 IP="::1" Method=GET Path=//skins/ui/oxide/content.min.css SpendTime="0 ms" Status=404
time="2022-03-22 22:59:57" level=warning Agent="Mozilla/5.0 (Windows NT 10.0; Win64; x64) AppleWebKit/537.36 (KHTML, like Gecko) Chrome/99.0.4844.74 Safari/537.36 Edg/99.0.1150.46" DataSize=0 Hostname=08VPIQNJZ3IU418 IP="::1" Method=GET Path=//skins/content/default/content.css SpendTime="0 ms" Status=404
time="2022-03-22 22:59:57" level=info Agent="Mozilla/5.0 (Windows NT 10.0; Win64; x64) AppleWebKit/537.36 (KHTML, like Gecko) Chrome/99.0.4844.74 Safari/537.36 Edg/99.0.1150.46" DataSize=159 Hostname=08VPIQNJZ3IU418 IP="::1" Method=GET Path=/api/v1/category SpendTime="2 ms" Status=200
time="2022-03-22 23:02:59" level=info Agent="Mozilla/5.0 (Windows NT 10.0; Win64; x64) AppleWebKit/537.36 (KHTML, like Gecko) Chrome/99.0.4844.74 Safari/537.36 Edg/99.0.1150.46" DataSize=926 Hostname=08VPIQNJZ3IU418 IP="::1" Method=GET Path=/admin SpendTime="2 ms" Status=200
time="2022-03-22 23:02:59" level=info Agent="Mozilla/5.0 (Windows NT 10.0; Win64; x64) AppleWebKit/537.36 (KHTML, like Gecko) Chrome/99.0.4844.74 Safari/537.36 Edg/99.0.1150.46" DataSize=1152 Hostname=08VPIQNJZ3IU418 IP="::1" Method=GET Path=/admin/static/css/app.d8317104.css SpendTime="182 ms" Status=200
time="2022-03-22 23:02:59" level=info Agent="Mozilla/5.0 (Windows NT 10.0; Win64; x64) AppleWebKit/537.36 (KHTML, like Gecko) Chrome/99.0.4844.74 Safari/537.36 Edg/99.0.1150.46" DataSize=1183372 Hostname=08VPIQNJZ3IU418 IP="::1" Method=GET Path=/admin/static/js/app.44c0edeb.js SpendTime="182 ms" Status=200
time="2022-03-22 23:02:59" level=info Agent="Mozilla/5.0 (Windows NT 10.0; Win64; x64) AppleWebKit/537.36 (KHTML, like Gecko) Chrome/99.0.4844.74 Safari/537.36 Edg/99.0.1150.46" DataSize=4434718 Hostname=08VPIQNJZ3IU418 IP="::1" Method=GET Path=/admin/static/js/chunk-vendors.4cb41f5a.js.map SpendTime="99 ms" Status=200
time="2022-03-22 23:02:59" level=info Agent="Mozilla/5.0 (Windows NT 10.0; Win64; x64) AppleWebKit/537.36 (KHTML, like Gecko) Chrome/99.0.4844.74 Safari/537.36 Edg/99.0.1150.46" DataSize=2757263 Hostname=08VPIQNJZ3IU418 IP="::1" Method=GET Path=/admin/static/js/app.44c0edeb.js.map SpendTime="7 ms" Status=200
time="2022-03-22 23:02:59" level=warning Agent="Mozilla/5.0 (Windows NT 10.0; Win64; x64) AppleWebKit/537.36 (KHTML, like Gecko) Chrome/99.0.4844.74 Safari/537.36 Edg/99.0.1150.46" DataSize=0 Hostname=08VPIQNJZ3IU418 IP="::1" Method=GET Path=//skins/ui/oxide/skin.min.css SpendTime="0 ms" Status=404
time="2022-03-22 23:02:59" level=warning Agent="Mozilla/5.0 (Windows NT 10.0; Win64; x64) AppleWebKit/537.36 (KHTML, like Gecko) Chrome/99.0.4844.74 Safari/537.36 Edg/99.0.1150.46" DataSize=0 Hostname=08VPIQNJZ3IU418 IP="::1" Method=GET Path=//skins/ui/oxide/content.min.css SpendTime="0 ms" Status=404
time="2022-03-22 23:02:59" level=warning Agent="Mozilla/5.0 (Windows NT 10.0; Win64; x64) AppleWebKit/537.36 (KHTML, like Gecko) Chrome/99.0.4844.74 Safari/537.36 Edg/99.0.1150.46" DataSize=0 Hostname=08VPIQNJZ3IU418 IP="::1" Method=GET Path=//skins/content/default/content.css SpendTime="0 ms" Status=404
time="2022-03-22 23:02:59" level=info Agent="Mozilla/5.0 (Windows NT 10.0; Win64; x64) AppleWebKit/537.36 (KHTML, like Gecko) Chrome/99.0.4844.74 Safari/537.36 Edg/99.0.1150.46" DataSize=159 Hostname=08VPIQNJZ3IU418 IP="::1" Method=GET Path=/api/v1/category SpendTime="1 ms" Status=200
time="2022-03-22 23:03:54" level=info Agent="Mozilla/5.0 (Windows NT 10.0; Win64; x64) AppleWebKit/537.36 (KHTML, like Gecko) Chrome/99.0.4844.74 Safari/537.36 Edg/99.0.1150.46" DataSize=926 Hostname=08VPIQNJZ3IU418 IP="::1" Method=GET Path=/admin SpendTime="1 ms" Status=200
time="2022-03-22 23:03:54" level=info Agent="Mozilla/5.0 (Windows NT 10.0; Win64; x64) AppleWebKit/537.36 (KHTML, like Gecko) Chrome/99.0.4844.74 Safari/537.36 Edg/99.0.1150.46" DataSize=0 Hostname=08VPIQNJZ3IU418 IP="::1" Method=GET Path=/admin/static/css/app.d8317104.css SpendTime="2 ms" Status=304
time="2022-03-22 23:03:54" level=info Agent="Mozilla/5.0 (Windows NT 10.0; Win64; x64) AppleWebKit/537.36 (KHTML, like Gecko) Chrome/99.0.4844.74 Safari/537.36 Edg/99.0.1150.46" DataSize=0 Hostname=08VPIQNJZ3IU418 IP="::1" Method=GET Path=/admin/static/js/app.44c0edeb.js SpendTime="1 ms" Status=304
time="2022-03-22 23:03:54" level=info Agent="Mozilla/5.0 (Windows NT 10.0; Win64; x64) AppleWebKit/537.36 (KHTML, like Gecko) Chrome/99.0.4844.74 Safari/537.36 Edg/99.0.1150.46" DataSize=4434718 Hostname=08VPIQNJZ3IU418 IP="::1" Method=GET Path=/admin/static/js/chunk-vendors.4cb41f5a.js.map SpendTime="160 ms" Status=200
time="2022-03-22 23:03:54" level=info Agent="Mozilla/5.0 (Windows NT 10.0; Win64; x64) AppleWebKit/537.36 (KHTML, like Gecko) Chrome/99.0.4844.74 Safari/537.36 Edg/99.0.1150.46" DataSize=2757263 Hostname=08VPIQNJZ3IU418 IP="::1" Method=GET Path=/admin/static/js/app.44c0edeb.js.map SpendTime="103 ms" Status=200
time="2022-03-22 23:03:54" level=warning Agent="Mozilla/5.0 (Windows NT 10.0; Win64; x64) AppleWebKit/537.36 (KHTML, like Gecko) Chrome/99.0.4844.74 Safari/537.36 Edg/99.0.1150.46" DataSize=0 Hostname=08VPIQNJZ3IU418 IP="::1" Method=GET Path=//skins/ui/oxide/skin.min.css SpendTime="0 ms" Status=404
time="2022-03-22 23:03:54" level=warning Agent="Mozilla/5.0 (Windows NT 10.0; Win64; x64) AppleWebKit/537.36 (KHTML, like Gecko) Chrome/99.0.4844.74 Safari/537.36 Edg/99.0.1150.46" DataSize=0 Hostname=08VPIQNJZ3IU418 IP="::1" Method=GET Path=//skins/ui/oxide/content.min.css SpendTime="0 ms" Status=404
time="2022-03-22 23:03:54" level=warning Agent="Mozilla/5.0 (Windows NT 10.0; Win64; x64) AppleWebKit/537.36 (KHTML, like Gecko) Chrome/99.0.4844.74 Safari/537.36 Edg/99.0.1150.46" DataSize=0 Hostname=08VPIQNJZ3IU418 IP="::1" Method=GET Path=//skins/content/default/content.css SpendTime="0 ms" Status=404
time="2022-03-22 23:03:54" level=info Agent="Mozilla/5.0 (Windows NT 10.0; Win64; x64) AppleWebKit/537.36 (KHTML, like Gecko) Chrome/99.0.4844.74 Safari/537.36 Edg/99.0.1150.46" DataSize=159 Hostname=08VPIQNJZ3IU418 IP="::1" Method=GET Path=/api/v1/category SpendTime="2 ms" Status=200
time="2022-03-22 23:04:35" level=warning Agent="Mozilla/5.0 (Windows NT 10.0; Win64; x64) AppleWebKit/537.36 (KHTML, like Gecko) Chrome/99.0.4844.74 Safari/537.36 Edg/99.0.1150.46" DataSize=0 Hostname=08VPIQNJZ3IU418 IP="::1" Method=GET Path=//skins/ui/oxide/skin.min.css SpendTime="0 ms" Status=404
time="2022-03-22 23:04:35" level=warning Agent="Mozilla/5.0 (Windows NT 10.0; Win64; x64) AppleWebKit/537.36 (KHTML, like Gecko) Chrome/99.0.4844.74 Safari/537.36 Edg/99.0.1150.46" DataSize=0 Hostname=08VPIQNJZ3IU418 IP="::1" Method=GET Path=/favicon.ico SpendTime="0 ms" Status=404
time="2022-03-22 23:13:25" level=info Agent="Mozilla/5.0 (Windows NT 10.0; Win64; x64) AppleWebKit/537.36 (KHTML, like Gecko) Chrome/99.0.4844.74 Safari/537.36 Edg/99.0.1150.46" DataSize=926 Hostname=08VPIQNJZ3IU418 IP="::1" Method=GET Path=/admin SpendTime="2 ms" Status=200
time="2022-03-22 23:13:25" level=info Agent="Mozilla/5.0 (Windows NT 10.0; Win64; x64) AppleWebKit/537.36 (KHTML, like Gecko) Chrome/99.0.4844.74 Safari/537.36 Edg/99.0.1150.46" DataSize=0 Hostname=08VPIQNJZ3IU418 IP="::1" Method=GET Path=/admin/static/css/app.d8317104.css SpendTime="2 ms" Status=304
time="2022-03-22 23:13:25" level=info Agent="Mozilla/5.0 (Windows NT 10.0; Win64; x64) AppleWebKit/537.36 (KHTML, like Gecko) Chrome/99.0.4844.74 Safari/537.36 Edg/99.0.1150.46" DataSize=0 Hostname=08VPIQNJZ3IU418 IP="::1" Method=GET Path=/admin/static/js/app.44c0edeb.js SpendTime="0 ms" Status=304
time="2022-03-22 23:13:25" level=info Agent="Mozilla/5.0 (Windows NT 10.0; Win64; x64) AppleWebKit/537.36 (KHTML, like Gecko) Chrome/99.0.4844.74 Safari/537.36 Edg/99.0.1150.46" DataSize=276755 Hostname=08VPIQNJZ3IU418 IP="::1" Method=GET Path=/admin/static/css/chunk-vendors.85e33b2a.css SpendTime="162 ms" Status=200
time="2022-03-22 23:13:25" level=info Agent="Mozilla/5.0 (Windows NT 10.0; Win64; x64) AppleWebKit/537.36 (KHTML, like Gecko) Chrome/99.0.4844.74 Safari/537.36 Edg/99.0.1150.46" DataSize=1479575 Hostname=08VPIQNJZ3IU418 IP="::1" Method=GET Path=/admin/static/js/chunk-vendors.4cb41f5a.js SpendTime="162 ms" Status=200
time="2022-03-22 23:13:25" level=info Agent="Mozilla/5.0 (Windows NT 10.0; Win64; x64) AppleWebKit/537.36 (KHTML, like Gecko) Chrome/99.0.4844.74 Safari/537.36 Edg/99.0.1150.46" DataSize=2757263 Hostname=08VPIQNJZ3IU418 IP="::1" Method=GET Path=/admin/static/js/app.44c0edeb.js.map SpendTime="48 ms" Status=200
time="2022-03-22 23:13:25" level=info Agent="Mozilla/5.0 (Windows NT 10.0; Win64; x64) AppleWebKit/537.36 (KHTML, like Gecko) Chrome/99.0.4844.74 Safari/537.36 Edg/99.0.1150.46" DataSize=4434718 Hostname=08VPIQNJZ3IU418 IP="::1" Method=GET Path=/admin/static/js/chunk-vendors.4cb41f5a.js.map SpendTime="7 ms" Status=200
time="2022-03-22 23:13:25" level=warning Agent="Mozilla/5.0 (Windows NT 10.0; Win64; x64) AppleWebKit/537.36 (KHTML, like Gecko) Chrome/99.0.4844.74 Safari/537.36 Edg/99.0.1150.46" DataSize=0 Hostname=08VPIQNJZ3IU418 IP="::1" Method=GET Path=//skins/ui/oxide/skin.min.css SpendTime="0 ms" Status=404
time="2022-03-22 23:13:25" level=warning Agent="Mozilla/5.0 (Windows NT 10.0; Win64; x64) AppleWebKit/537.36 (KHTML, like Gecko) Chrome/99.0.4844.74 Safari/537.36 Edg/99.0.1150.46" DataSize=0 Hostname=08VPIQNJZ3IU418 IP="::1" Method=GET Path=//skins/ui/oxide/content.min.css SpendTime="0 ms" Status=404
time="2022-03-22 23:13:25" level=warning Agent="Mozilla/5.0 (Windows NT 10.0; Win64; x64) AppleWebKit/537.36 (KHTML, like Gecko) Chrome/99.0.4844.74 Safari/537.36 Edg/99.0.1150.46" DataSize=0 Hostname=08VPIQNJZ3IU418 IP="::1" Method=GET Path=//skins/content/default/content.css SpendTime="0 ms" Status=404
time="2022-03-22 23:13:25" level=info Agent="Mozilla/5.0 (Windows NT 10.0; Win64; x64) AppleWebKit/537.36 (KHTML, like Gecko) Chrome/99.0.4844.74 Safari/537.36 Edg/99.0.1150.46" DataSize=159 Hostname=08VPIQNJZ3IU418 IP="::1" Method=GET Path=/api/v1/category SpendTime="1 ms" Status=200
time="2022-03-22 23:14:11" level=info Agent="Mozilla/5.0 (Windows NT 10.0; Win64; x64) AppleWebKit/537.36 (KHTML, like Gecko) Chrome/99.0.4844.74 Safari/537.36 Edg/99.0.1150.46" DataSize=926 Hostname=08VPIQNJZ3IU418 IP="::1" Method=GET Path=/admin SpendTime="1 ms" Status=200
time="2022-03-22 23:14:14" level=info Agent="Mozilla/5.0 (Windows NT 10.0; Win64; x64) AppleWebKit/537.36 (KHTML, like Gecko) Chrome/99.0.4844.74 Safari/537.36 Edg/99.0.1150.46" DataSize=2757263 Hostname=08VPIQNJZ3IU418 IP="::1" Method=GET Path=/admin/static/js/app.44c0edeb.js.map SpendTime="9 ms" Status=200
time="2022-03-22 23:14:14" level=info Agent="Mozilla/5.0 (Windows NT 10.0; Win64; x64) AppleWebKit/537.36 (KHTML, like Gecko) Chrome/99.0.4844.74 Safari/537.36 Edg/99.0.1150.46" DataSize=4434718 Hostname=08VPIQNJZ3IU418 IP="::1" Method=GET Path=/admin/static/js/chunk-vendors.4cb41f5a.js.map SpendTime="14 ms" Status=200
time="2022-03-22 23:15:34" level=info Agent="Mozilla/5.0 (Windows NT 10.0; Win64; x64) AppleWebKit/537.36 (KHTML, like Gecko) Chrome/99.0.4844.74 Safari/537.36 Edg/99.0.1150.46" DataSize=196 Hostname=08VPIQNJZ3IU418 IP="::1" Method=POST Path=/api/v1/login SpendTime="54 ms" Status=200
time="2022-03-22 23:15:53" level=info Agent="Mozilla/5.0 (Windows NT 10.0; Win64; x64) AppleWebKit/537.36 (KHTML, like Gecko) Chrome/99.0.4844.74 Safari/537.36 Edg/99.0.1150.46" DataSize=159 Hostname=08VPIQNJZ3IU418 IP="::1" Method=GET Path=/api/v1/category SpendTime="3 ms" Status=200
time="2022-03-22 23:15:58" level=info Agent="Mozilla/5.0 (Windows NT 10.0; Win64; x64) AppleWebKit/537.36 (KHTML, like Gecko) Chrome/99.0.4844.74 Safari/537.36 Edg/99.0.1150.46" DataSize=874 Hostname=08VPIQNJZ3IU418 IP="::1" Method=GET Path="/api/v1/users?pagesize=5&pagenum=1" SpendTime="1 ms" Status=200
time="2022-03-22 23:16:01" level=warning Agent="Mozilla/5.0 (Windows NT 10.0; Win64; x64) AppleWebKit/537.36 (KHTML, like Gecko) Chrome/99.0.4844.74 Safari/537.36 Edg/99.0.1150.46" DataSize=0 Hostname=08VPIQNJZ3IU418 IP="::1" Method=GET Path=//skins/ui/oxide/skin.min.css SpendTime="0 ms" Status=404
time="2022-03-22 23:16:01" level=warning Agent="Mozilla/5.0 (Windows NT 10.0; Win64; x64) AppleWebKit/537.36 (KHTML, like Gecko) Chrome/99.0.4844.74 Safari/537.36 Edg/99.0.1150.46" DataSize=0 Hostname=08VPIQNJZ3IU418 IP="::1" Method=GET Path=//skins/ui/oxide/content.min.css SpendTime="0 ms" Status=404
time="2022-03-22 23:16:01" level=warning Agent="Mozilla/5.0 (Windows NT 10.0; Win64; x64) AppleWebKit/537.36 (KHTML, like Gecko) Chrome/99.0.4844.74 Safari/537.36 Edg/99.0.1150.46" DataSize=0 Hostname=08VPIQNJZ3IU418 IP="::1" Method=GET Path=//skins/content/default/content.css SpendTime="0 ms" Status=404
time="2022-03-22 23:16:01" level=info Agent="Mozilla/5.0 (Windows NT 10.0; Win64; x64) AppleWebKit/537.36 (KHTML, like Gecko) Chrome/99.0.4844.74 Safari/537.36 Edg/99.0.1150.46" DataSize=159 Hostname=08VPIQNJZ3IU418 IP="::1" Method=GET Path=/api/v1/category SpendTime="2 ms" Status=200
time="2022-03-22 23:16:03" level=info Agent="Mozilla/5.0 (Windows NT 10.0; Win64; x64) AppleWebKit/537.36 (KHTML, like Gecko) Chrome/99.0.4844.74 Safari/537.36 Edg/99.0.1150.46" DataSize=1721 Hostname=08VPIQNJZ3IU418 IP="::1" Method=GET Path="/api/v1/article?pagesize=5&pagenum=1" SpendTime="3 ms" Status=200
time="2022-03-22 23:16:03" level=info Agent="Mozilla/5.0 (Windows NT 10.0; Win64; x64) AppleWebKit/537.36 (KHTML, like Gecko) Chrome/99.0.4844.74 Safari/537.36 Edg/99.0.1150.46" DataSize=159 Hostname=08VPIQNJZ3IU418 IP="::1" Method=GET Path=/api/v1/category SpendTime="3 ms" Status=200
time="2022-03-22 23:18:38" level=info Agent="Mozilla/5.0 (Windows NT 10.0; Win64; x64) AppleWebKit/537.36 (KHTML, like Gecko) Chrome/99.0.4844.74 Safari/537.36 Edg/99.0.1150.46" DataSize=926 Hostname=08VPIQNJZ3IU418 IP="::1" Method=GET Path=/admin SpendTime="2 ms" Status=200
time="2022-03-22 23:18:39" level=info Agent="Mozilla/5.0 (Windows NT 10.0; Win64; x64) AppleWebKit/537.36 (KHTML, like Gecko) Chrome/99.0.4844.74 Safari/537.36 Edg/99.0.1150.46" DataSize=0 Hostname=08VPIQNJZ3IU418 IP="::1" Method=GET Path=/admin/static/css/chunk-vendors.85e33b2a.css SpendTime="1 ms" Status=304
time="2022-03-22 23:18:39" level=info Agent="Mozilla/5.0 (Windows NT 10.0; Win64; x64) AppleWebKit/537.36 (KHTML, like Gecko) Chrome/99.0.4844.74 Safari/537.36 Edg/99.0.1150.46" DataSize=0 Hostname=08VPIQNJZ3IU418 IP="::1" Method=GET Path=/admin/static/css/app.d8317104.css SpendTime="1 ms" Status=304
time="2022-03-22 23:18:39" level=info Agent="Mozilla/5.0 (Windows NT 10.0; Win64; x64) AppleWebKit/537.36 (KHTML, like Gecko) Chrome/99.0.4844.74 Safari/537.36 Edg/99.0.1150.46" DataSize=0 Hostname=08VPIQNJZ3IU418 IP="::1" Method=GET Path=/admin/static/js/chunk-vendors.4cb41f5a.js SpendTime="1 ms" Status=304
time="2022-03-22 23:18:39" level=info Agent="Mozilla/5.0 (Windows NT 10.0; Win64; x64) AppleWebKit/537.36 (KHTML, like Gecko) Chrome/99.0.4844.74 Safari/537.36 Edg/99.0.1150.46" DataSize=0 Hostname=08VPIQNJZ3IU418 IP="::1" Method=GET Path=/admin/static/js/app.44c0edeb.js SpendTime="1 ms" Status=304
time="2022-03-22 23:18:39" level=info Agent="Mozilla/5.0 (Windows NT 10.0; Win64; x64) AppleWebKit/537.36 (KHTML, like Gecko) Chrome/99.0.4844.74 Safari/537.36 Edg/99.0.1150.46" DataSize=4434718 Hostname=08VPIQNJZ3IU418 IP="::1" Method=GET Path=/admin/static/js/chunk-vendors.4cb41f5a.js.map SpendTime="107 ms" Status=200
time="2022-03-22 23:18:39" level=info Agent="Mozilla/5.0 (Windows NT 10.0; Win64; x64) AppleWebKit/537.36 (KHTML, like Gecko) Chrome/99.0.4844.74 Safari/537.36 Edg/99.0.1150.46" DataSize=2757263 Hostname=08VPIQNJZ3IU418 IP="::1" Method=GET Path=/admin/static/js/app.44c0edeb.js.map SpendTime="159 ms" Status=200
time="2022-03-22 23:18:39" level=info Agent="Mozilla/5.0 (Windows NT 10.0; Win64; x64) AppleWebKit/537.36 (KHTML, like Gecko) Chrome/99.0.4844.74 Safari/537.36 Edg/99.0.1150.46" DataSize=159 Hostname=08VPIQNJZ3IU418 IP="::1" Method=GET Path=/api/v1/category SpendTime="1 ms" Status=200
time="2022-03-22 23:18:39" level=info Agent="Mozilla/5.0 (Windows NT 10.0; Win64; x64) AppleWebKit/537.36 (KHTML, like Gecko) Chrome/99.0.4844.74 Safari/537.36 Edg/99.0.1150.46" DataSize=1721 Hostname=08VPIQNJZ3IU418 IP="::1" Method=GET Path="/api/v1/article?pagesize=5&pagenum=1" SpendTime="3 ms" Status=200
time="2022-03-22 23:18:45" level=info Agent="Mozilla/5.0 (Windows NT 10.0; Win64; x64) AppleWebKit/537.36 (KHTML, like Gecko) Chrome/99.0.4844.74 Safari/537.36 Edg/99.0.1150.46" DataSize=159 Hostname=08VPIQNJZ3IU418 IP="::1" Method=GET Path=/api/v1/category SpendTime="1 ms" Status=200
time="2022-03-22 23:18:46" level=info Agent="Mozilla/5.0 (Windows NT 10.0; Win64; x64) AppleWebKit/537.36 (KHTML, like Gecko) Chrome/99.0.4844.74 Safari/537.36 Edg/99.0.1150.46" DataSize=874 Hostname=08VPIQNJZ3IU418 IP="::1" Method=GET Path="/api/v1/users?pagesize=5&pagenum=1" SpendTime="2 ms" Status=200
time="2022-03-22 23:18:47" level=warning Agent="Mozilla/5.0 (Windows NT 10.0; Win64; x64) AppleWebKit/537.36 (KHTML, like Gecko) Chrome/99.0.4844.74 Safari/537.36 Edg/99.0.1150.46" DataSize=0 Hostname=08VPIQNJZ3IU418 IP="::1" Method=GET Path=//skins/ui/oxide/skin.min.css SpendTime="0 ms" Status=404
time="2022-03-22 23:18:47" level=warning Agent="Mozilla/5.0 (Windows NT 10.0; Win64; x64) AppleWebKit/537.36 (KHTML, like Gecko) Chrome/99.0.4844.74 Safari/537.36 Edg/99.0.1150.46" DataSize=0 Hostname=08VPIQNJZ3IU418 IP="::1" Method=GET Path=//skins/ui/oxide/content.min.css SpendTime="0 ms" Status=404
time="2022-03-22 23:18:47" level=warning Agent="Mozilla/5.0 (Windows NT 10.0; Win64; x64) AppleWebKit/537.36 (KHTML, like Gecko) Chrome/99.0.4844.74 Safari/537.36 Edg/99.0.1150.46" DataSize=0 Hostname=08VPIQNJZ3IU418 IP="::1" Method=GET Path=//skins/content/default/content.css SpendTime="0 ms" Status=404
time="2022-03-22 23:18:47" level=info Agent="Mozilla/5.0 (Windows NT 10.0; Win64; x64) AppleWebKit/537.36 (KHTML, like Gecko) Chrome/99.0.4844.74 Safari/537.36 Edg/99.0.1150.46" DataSize=159 Hostname=08VPIQNJZ3IU418 IP="::1" Method=GET Path=/api/v1/category SpendTime="3 ms" Status=200
time="2022-03-22 23:18:49" level=info Agent="Mozilla/5.0 (Windows NT 10.0; Win64; x64) AppleWebKit/537.36 (KHTML, like Gecko) Chrome/99.0.4844.74 Safari/537.36 Edg/99.0.1150.46" DataSize=1721 Hostname=08VPIQNJZ3IU418 IP="::1" Method=GET Path="/api/v1/article?pagesize=5&pagenum=1" SpendTime="2 ms" Status=200
time="2022-03-22 23:18:49" level=info Agent="Mozilla/5.0 (Windows NT 10.0; Win64; x64) AppleWebKit/537.36 (KHTML, like Gecko) Chrome/99.0.4844.74 Safari/537.36 Edg/99.0.1150.46" DataSize=159 Hostname=08VPIQNJZ3IU418 IP="::1" Method=GET Path=/api/v1/category SpendTime="4 ms" Status=200
time="2022-03-22 23:22:38" level=info Agent="Mozilla/5.0 (Windows NT 10.0; Win64; x64) AppleWebKit/537.36 (KHTML, like Gecko) Chrome/99.0.4844.74 Safari/537.36 Edg/99.0.1150.46" DataSize=926 Hostname=08VPIQNJZ3IU418 IP="::1" Method=GET Path=/admin SpendTime="1 ms" Status=200
time="2022-03-22 23:22:38" level=info Agent="Mozilla/5.0 (Windows NT 10.0; Win64; x64) AppleWebKit/537.36 (KHTML, like Gecko) Chrome/99.0.4844.74 Safari/537.36 Edg/99.0.1150.46" DataSize=58659 Hostname=08VPIQNJZ3IU418 IP="::1" Method=GET Path=/admin/static/css/app.6cc80e76.css SpendTime="165 ms" Status=200
time="2022-03-22 23:22:38" level=info Agent="Mozilla/5.0 (Windows NT 10.0; Win64; x64) AppleWebKit/537.36 (KHTML, like Gecko) Chrome/99.0.4844.74 Safari/537.36 Edg/99.0.1150.46" DataSize=276755 Hostname=08VPIQNJZ3IU418 IP="::1" Method=GET Path=/admin/static/css/chunk-vendors.85e33b2a.css SpendTime="168 ms" Status=200
time="2022-03-22 23:22:38" level=info Agent="Mozilla/5.0 (Windows NT 10.0; Win64; x64) AppleWebKit/537.36 (KHTML, like Gecko) Chrome/99.0.4844.74 Safari/537.36 Edg/99.0.1150.46" DataSize=1183372 Hostname=08VPIQNJZ3IU418 IP="::1" Method=GET Path=/admin/static/js/app.473643a1.js SpendTime="162 ms" Status=200
time="2022-03-22 23:22:38" level=info Agent="Mozilla/5.0 (Windows NT 10.0; Win64; x64) AppleWebKit/537.36 (KHTML, like Gecko) Chrome/99.0.4844.74 Safari/537.36 Edg/99.0.1150.46" DataSize=1479575 Hostname=08VPIQNJZ3IU418 IP="::1" Method=GET Path=/admin/static/js/chunk-vendors.4cb41f5a.js SpendTime="168 ms" Status=200
time="2022-03-22 23:22:45" level=info Agent="Mozilla/5.0 (Windows NT 10.0; Win64; x64) AppleWebKit/537.36 (KHTML, like Gecko) Chrome/99.0.4844.74 Safari/537.36 Edg/99.0.1150.46" DataSize=196 Hostname=08VPIQNJZ3IU418 IP="::1" Method=POST Path=/api/v1/login SpendTime="56 ms" Status=200
time="2022-03-22 23:22:49" level=info Agent="Mozilla/5.0 (Windows NT 10.0; Win64; x64) AppleWebKit/537.36 (KHTML, like Gecko) Chrome/99.0.4844.74 Safari/537.36 Edg/99.0.1150.46" DataSize=2757261 Hostname=08VPIQNJZ3IU418 IP="::1" Method=GET Path=/admin/static/js/app.473643a1.js.map SpendTime="4 ms" Status=200
time="2022-03-22 23:22:49" level=info Agent="Mozilla/5.0 (Windows NT 10.0; Win64; x64) AppleWebKit/537.36 (KHTML, like Gecko) Chrome/99.0.4844.74 Safari/537.36 Edg/99.0.1150.46" DataSize=4434718 Hostname=08VPIQNJZ3IU418 IP="::1" Method=GET Path=/admin/static/js/chunk-vendors.4cb41f5a.js.map SpendTime="8 ms" Status=200
time="2022-03-22 23:23:00" level=info Agent="Mozilla/5.0 (Windows NT 10.0; Win64; x64) AppleWebKit/537.36 (KHTML, like Gecko) Chrome/99.0.4844.74 Safari/537.36 Edg/99.0.1150.46" DataSize=4286 Hostname=08VPIQNJZ3IU418 IP="::1" Method=GET Path=/admin/favicon.ico SpendTime="1 ms" Status=200
time="2022-03-22 23:23:00" level=warning Agent="Mozilla/5.0 (Windows NT 10.0; Win64; x64) AppleWebKit/537.36 (KHTML, like Gecko) Chrome/99.0.4844.74 Safari/537.36 Edg/99.0.1150.46" DataSize=0 Hostname=08VPIQNJZ3IU418 IP="::1" Method=GET Path=/favicon.ico SpendTime="0 ms" Status=404
time="2022-03-22 23:24:12" level=warning Agent="Mozilla/5.0 (Windows NT 10.0; Win64; x64) AppleWebKit/537.36 (KHTML, like Gecko) Chrome/99.0.4844.74 Safari/537.36 Edg/99.0.1150.46" DataSize=0 Hostname=08VPIQNJZ3IU418 IP="::1" Method=GET Path=//skins/ui/oxide/skin.min.css SpendTime="0 ms" Status=404
time="2022-03-22 23:24:12" level=warning Agent="Mozilla/5.0 (Windows NT 10.0; Win64; x64) AppleWebKit/537.36 (KHTML, like Gecko) Chrome/99.0.4844.74 Safari/537.36 Edg/99.0.1150.46" DataSize=0 Hostname=08VPIQNJZ3IU418 IP="::1" Method=GET Path=//skins/ui/oxide/content.min.css SpendTime="0 ms" Status=404
time="2022-03-22 23:24:12" level=warning Agent="Mozilla/5.0 (Windows NT 10.0; Win64; x64) AppleWebKit/537.36 (KHTML, like Gecko) Chrome/99.0.4844.74 Safari/537.36 Edg/99.0.1150.46" DataSize=0 Hostname=08VPIQNJZ3IU418 IP="::1" Method=GET Path=//skins/content/default/content.css SpendTime="0 ms" Status=404
time="2022-03-22 23:24:12" level=info Agent="Mozilla/5.0 (Windows NT 10.0; Win64; x64) AppleWebKit/537.36 (KHTML, like Gecko) Chrome/99.0.4844.74 Safari/537.36 Edg/99.0.1150.46" DataSize=159 Hostname=08VPIQNJZ3IU418 IP="::1" Method=GET Path=/api/v1/category SpendTime="3 ms" Status=200
time="2022-03-22 23:24:12" level=info Agent="Mozilla/5.0 (Windows NT 10.0; Win64; x64) AppleWebKit/537.36 (KHTML, like Gecko) Chrome/99.0.4844.74 Safari/537.36 Edg/99.0.1150.46" DataSize=0 Hostname=08VPIQNJZ3IU418 IP="::1" Method=GET Path=/admin/favicon.ico SpendTime="1 ms" Status=304
time="2022-03-22 23:24:15" level=info Agent="Mozilla/5.0 (Windows NT 10.0; Win64; x64) AppleWebKit/537.36 (KHTML, like Gecko) Chrome/99.0.4844.74 Safari/537.36 Edg/99.0.1150.46" DataSize=1721 Hostname=08VPIQNJZ3IU418 IP="::1" Method=GET Path="/api/v1/article?pagesize=5&pagenum=1" SpendTime="3 ms" Status=200
time="2022-03-22 23:24:15" level=info Agent="Mozilla/5.0 (Windows NT 10.0; Win64; x64) AppleWebKit/537.36 (KHTML, like Gecko) Chrome/99.0.4844.74 Safari/537.36 Edg/99.0.1150.46" DataSize=159 Hostname=08VPIQNJZ3IU418 IP="::1" Method=GET Path=/api/v1/category SpendTime="3 ms" Status=200
time="2022-03-22 23:24:16" level=warning Agent="Mozilla/5.0 (Windows NT 10.0; Win64; x64) AppleWebKit/537.36 (KHTML, like Gecko) Chrome/99.0.4844.74 Safari/537.36 Edg/99.0.1150.46" DataSize=0 Hostname=08VPIQNJZ3IU418 IP="::1" Method=GET Path=//skins/ui/oxide/content.min.css SpendTime="0 ms" Status=404
time="2022-03-22 23:24:16" level=warning Agent="Mozilla/5.0 (Windows NT 10.0; Win64; x64) AppleWebKit/537.36 (KHTML, like Gecko) Chrome/99.0.4844.74 Safari/537.36 Edg/99.0.1150.46" DataSize=0 Hostname=08VPIQNJZ3IU418 IP="::1" Method=GET Path=//skins/content/default/content.css SpendTime="0 ms" Status=404
time="2022-03-22 23:24:16" level=info Agent="Mozilla/5.0 (Windows NT 10.0; Win64; x64) AppleWebKit/537.36 (KHTML, like Gecko) Chrome/99.0.4844.74 Safari/537.36 Edg/99.0.1150.46" DataSize=159 Hostname=08VPIQNJZ3IU418 IP="::1" Method=GET Path=/api/v1/category SpendTime="2 ms" Status=200
time="2022-03-22 23:24:41" level=info Agent="Mozilla/5.0 (Windows NT 10.0; Win64; x64) AppleWebKit/537.36 (KHTML, like Gecko) Chrome/99.0.4844.74 Safari/537.36 Edg/99.0.1150.46" DataSize=926 Hostname=08VPIQNJZ3IU418 IP="::1" Method=GET Path=/admin SpendTime="1 ms" Status=200
time="2022-03-22 23:24:41" level=info Agent="Mozilla/5.0 (Windows NT 10.0; Win64; x64) AppleWebKit/537.36 (KHTML, like Gecko) Chrome/99.0.4844.74 Safari/537.36 Edg/99.0.1150.46" DataSize=0 Hostname=08VPIQNJZ3IU418 IP="::1" Method=GET Path=/admin/static/css/chunk-vendors.85e33b2a.css SpendTime="1 ms" Status=304
time="2022-03-22 23:24:41" level=info Agent="Mozilla/5.0 (Windows NT 10.0; Win64; x64) AppleWebKit/537.36 (KHTML, like Gecko) Chrome/99.0.4844.74 Safari/537.36 Edg/99.0.1150.46" DataSize=0 Hostname=08VPIQNJZ3IU418 IP="::1" Method=GET Path=/admin/static/js/chunk-vendors.4cb41f5a.js SpendTime="0 ms" Status=304
time="2022-03-22 23:24:41" level=info Agent="Mozilla/5.0 (Windows NT 10.0; Win64; x64) AppleWebKit/537.36 (KHTML, like Gecko) Chrome/99.0.4844.74 Safari/537.36 Edg/99.0.1150.46" DataSize=0 Hostname=08VPIQNJZ3IU418 IP="::1" Method=GET Path=/admin/static/css/app.6cc80e76.css SpendTime="2 ms" Status=304
time="2022-03-22 23:24:41" level=info Agent="Mozilla/5.0 (Windows NT 10.0; Win64; x64) AppleWebKit/537.36 (KHTML, like Gecko) Chrome/99.0.4844.74 Safari/537.36 Edg/99.0.1150.46" DataSize=0 Hostname=08VPIQNJZ3IU418 IP="::1" Method=GET Path=/admin/static/js/app.473643a1.js SpendTime="1 ms" Status=304
time="2022-03-22 23:24:41" level=info Agent="Mozilla/5.0 (Windows NT 10.0; Win64; x64) AppleWebKit/537.36 (KHTML, like Gecko) Chrome/99.0.4844.74 Safari/537.36 Edg/99.0.1150.46" DataSize=2757261 Hostname=08VPIQNJZ3IU418 IP="::1" Method=GET Path=/admin/static/js/app.473643a1.js.map SpendTime="106 ms" Status=200
time="2022-03-22 23:24:41" level=info Agent="Mozilla/5.0 (Windows NT 10.0; Win64; x64) AppleWebKit/537.36 (KHTML, like Gecko) Chrome/99.0.4844.74 Safari/537.36 Edg/99.0.1150.46" DataSize=4434718 Hostname=08VPIQNJZ3IU418 IP="::1" Method=GET Path=/admin/static/js/chunk-vendors.4cb41f5a.js.map SpendTime="167 ms" Status=200
time="2022-03-22 23:24:41" level=warning Agent="Mozilla/5.0 (Windows NT 10.0; Win64; x64) AppleWebKit/537.36 (KHTML, like Gecko) Chrome/99.0.4844.74 Safari/537.36 Edg/99.0.1150.46" DataSize=0 Hostname=08VPIQNJZ3IU418 IP="::1" Method=GET Path=//skins/ui/oxide/skin.min.css SpendTime="0 ms" Status=404
time="2022-03-22 23:24:41" level=warning Agent="Mozilla/5.0 (Windows NT 10.0; Win64; x64) AppleWebKit/537.36 (KHTML, like Gecko) Chrome/99.0.4844.74 Safari/537.36 Edg/99.0.1150.46" DataSize=0 Hostname=08VPIQNJZ3IU418 IP="::1" Method=GET Path=//skins/ui/oxide/content.min.css SpendTime="0 ms" Status=404
time="2022-03-22 23:24:41" level=warning Agent="Mozilla/5.0 (Windows NT 10.0; Win64; x64) AppleWebKit/537.36 (KHTML, like Gecko) Chrome/99.0.4844.74 Safari/537.36 Edg/99.0.1150.46" DataSize=0 Hostname=08VPIQNJZ3IU418 IP="::1" Method=GET Path=//skins/content/default/content.css SpendTime="0 ms" Status=404
time="2022-03-22 23:24:41" level=info Agent="Mozilla/5.0 (Windows NT 10.0; Win64; x64) AppleWebKit/537.36 (KHTML, like Gecko) Chrome/99.0.4844.74 Safari/537.36 Edg/99.0.1150.46" DataSize=159 Hostname=08VPIQNJZ3IU418 IP="::1" Method=GET Path=/api/v1/category SpendTime="2 ms" Status=200
time="2022-03-22 23:24:41" level=info Agent="Mozilla/5.0 (Windows NT 10.0; Win64; x64) AppleWebKit/537.36 (KHTML, like Gecko) Chrome/99.0.4844.74 Safari/537.36 Edg/99.0.1150.46" DataSize=0 Hostname=08VPIQNJZ3IU418 IP="::1" Method=GET Path=/admin/favicon.ico SpendTime="2 ms" Status=304
time="2022-03-22 23:24:45" level=info Agent="Mozilla/5.0 (Windows NT 10.0; Win64; x64) AppleWebKit/537.36 (KHTML, like Gecko) Chrome/99.0.4844.74 Safari/537.36 Edg/99.0.1150.46" DataSize=159 Hostname=08VPIQNJZ3IU418 IP="::1" Method=GET Path=/api/v1/category SpendTime="2 ms" Status=200
time="2022-03-22 23:24:45" level=info Agent="Mozilla/5.0 (Windows NT 10.0; Win64; x64) AppleWebKit/537.36 (KHTML, like Gecko) Chrome/99.0.4844.74 Safari/537.36 Edg/99.0.1150.46" DataSize=1721 Hostname=08VPIQNJZ3IU418 IP="::1" Method=GET Path="/api/v1/article?pagesize=5&pagenum=1" SpendTime="3 ms" Status=200
time="2022-03-22 23:24:46" level=warning Agent="Mozilla/5.0 (Windows NT 10.0; Win64; x64) AppleWebKit/537.36 (KHTML, like Gecko) Chrome/99.0.4844.74 Safari/537.36 Edg/99.0.1150.46" DataSize=0 Hostname=08VPIQNJZ3IU418 IP="::1" Method=GET Path=//skins/ui/oxide/content.min.css SpendTime="0 ms" Status=404
time="2022-03-22 23:24:46" level=warning Agent="Mozilla/5.0 (Windows NT 10.0; Win64; x64) AppleWebKit/537.36 (KHTML, like Gecko) Chrome/99.0.4844.74 Safari/537.36 Edg/99.0.1150.46" DataSize=0 Hostname=08VPIQNJZ3IU418 IP="::1" Method=GET Path=//skins/content/default/content.css SpendTime="0 ms" Status=404
time="2022-03-22 23:24:46" level=info Agent="Mozilla/5.0 (Windows NT 10.0; Win64; x64) AppleWebKit/537.36 (KHTML, like Gecko) Chrome/99.0.4844.74 Safari/537.36 Edg/99.0.1150.46" DataSize=159 Hostname=08VPIQNJZ3IU418 IP="::1" Method=GET Path=/api/v1/category SpendTime="2 ms" Status=200
time="2022-03-22 23:24:48" level=info Agent="Mozilla/5.0 (Windows NT 10.0; Win64; x64) AppleWebKit/537.36 (KHTML, like Gecko) Chrome/99.0.4844.74 Safari/537.36 Edg/99.0.1150.46" DataSize=159 Hostname=08VPIQNJZ3IU418 IP="::1" Method=GET Path=/api/v1/category SpendTime="3 ms" Status=200
time="2022-03-22 23:24:48" level=info Agent="Mozilla/5.0 (Windows NT 10.0; Win64; x64) AppleWebKit/537.36 (KHTML, like Gecko) Chrome/99.0.4844.74 Safari/537.36 Edg/99.0.1150.46" DataSize=1721 Hostname=08VPIQNJZ3IU418 IP="::1" Method=GET Path="/api/v1/article?pagesize=5&pagenum=1" SpendTime="5 ms" Status=200
time="2022-03-22 23:24:49" level=warning Agent="Mozilla/5.0 (Windows NT 10.0; Win64; x64) AppleWebKit/537.36 (KHTML, like Gecko) Chrome/99.0.4844.74 Safari/537.36 Edg/99.0.1150.46" DataSize=0 Hostname=08VPIQNJZ3IU418 IP="::1" Method=GET Path=//skins/ui/oxide/content.min.css SpendTime="0 ms" Status=404
time="2022-03-22 23:24:49" level=warning Agent="Mozilla/5.0 (Windows NT 10.0; Win64; x64) AppleWebKit/537.36 (KHTML, like Gecko) Chrome/99.0.4844.74 Safari/537.36 Edg/99.0.1150.46" DataSize=0 Hostname=08VPIQNJZ3IU418 IP="::1" Method=GET Path=//skins/content/default/content.css SpendTime="0 ms" Status=404
time="2022-03-22 23:24:49" level=info Agent="Mozilla/5.0 (Windows NT 10.0; Win64; x64) AppleWebKit/537.36 (KHTML, like Gecko) Chrome/99.0.4844.74 Safari/537.36 Edg/99.0.1150.46" DataSize=159 Hostname=08VPIQNJZ3IU418 IP="::1" Method=GET Path=/api/v1/category SpendTime="2 ms" Status=200
time="2022-03-22 23:24:53" level=info Agent="Mozilla/5.0 (Windows NT 10.0; Win64; x64) AppleWebKit/537.36 (KHTML, like Gecko) Chrome/99.0.4844.74 Safari/537.36 Edg/99.0.1150.46" DataSize=159 Hostname=08VPIQNJZ3IU418 IP="::1" Method=GET Path=/api/v1/category SpendTime="1 ms" Status=200
time="2022-03-22 23:24:53" level=info Agent="Mozilla/5.0 (Windows NT 10.0; Win64; x64) AppleWebKit/537.36 (KHTML, like Gecko) Chrome/99.0.4844.74 Safari/537.36 Edg/99.0.1150.46" DataSize=1721 Hostname=08VPIQNJZ3IU418 IP="::1" Method=GET Path="/api/v1/article?pagesize=5&pagenum=1" SpendTime="2 ms" Status=200
time="2022-03-22 23:24:54" level=warning Agent="Mozilla/5.0 (Windows NT 10.0; Win64; x64) AppleWebKit/537.36 (KHTML, like Gecko) Chrome/99.0.4844.74 Safari/537.36 Edg/99.0.1150.46" DataSize=0 Hostname=08VPIQNJZ3IU418 IP="::1" Method=GET Path=//skins/ui/oxide/content.min.css SpendTime="1 ms" Status=404
time="2022-03-22 23:24:54" level=warning Agent="Mozilla/5.0 (Windows NT 10.0; Win64; x64) AppleWebKit/537.36 (KHTML, like Gecko) Chrome/99.0.4844.74 Safari/537.36 Edg/99.0.1150.46" DataSize=0 Hostname=08VPIQNJZ3IU418 IP="::1" Method=GET Path=//skins/content/default/content.css SpendTime="0 ms" Status=404
time="2022-03-22 23:24:54" level=info Agent="Mozilla/5.0 (Windows NT 10.0; Win64; x64) AppleWebKit/537.36 (KHTML, like Gecko) Chrome/99.0.4844.74 Safari/537.36 Edg/99.0.1150.46" DataSize=159 Hostname=08VPIQNJZ3IU418 IP="::1" Method=GET Path=/api/v1/category SpendTime="2 ms" Status=200
time="2022-03-22 23:25:20" level=info Agent="Mozilla/5.0 (Windows NT 10.0; Win64; x64) AppleWebKit/537.36 (KHTML, like Gecko) Chrome/99.0.4844.74 Safari/537.36 Edg/99.0.1150.46" DataSize=159 Hostname=08VPIQNJZ3IU418 IP="::1" Method=GET Path=/api/v1/category SpendTime="3 ms" Status=200
time="2022-03-22 23:25:20" level=info Agent="Mozilla/5.0 (Windows NT 10.0; Win64; x64) AppleWebKit/537.36 (KHTML, like Gecko) Chrome/99.0.4844.74 Safari/537.36 Edg/99.0.1150.46" DataSize=1721 Hostname=08VPIQNJZ3IU418 IP="::1" Method=GET Path="/api/v1/article?pagesize=5&pagenum=1" SpendTime="4 ms" Status=200
time="2022-03-22 23:25:21" level=warning Agent="Mozilla/5.0 (Windows NT 10.0; Win64; x64) AppleWebKit/537.36 (KHTML, like Gecko) Chrome/99.0.4844.74 Safari/537.36 Edg/99.0.1150.46" DataSize=0 Hostname=08VPIQNJZ3IU418 IP="::1" Method=GET Path=//skins/ui/oxide/content.min.css SpendTime="0 ms" Status=404
time="2022-03-22 23:25:21" level=warning Agent="Mozilla/5.0 (Windows NT 10.0; Win64; x64) AppleWebKit/537.36 (KHTML, like Gecko) Chrome/99.0.4844.74 Safari/537.36 Edg/99.0.1150.46" DataSize=0 Hostname=08VPIQNJZ3IU418 IP="::1" Method=GET Path=//skins/content/default/content.css SpendTime="0 ms" Status=404
time="2022-03-22 23:25:21" level=info Agent="Mozilla/5.0 (Windows NT 10.0; Win64; x64) AppleWebKit/537.36 (KHTML, like Gecko) Chrome/99.0.4844.74 Safari/537.36 Edg/99.0.1150.46" DataSize=159 Hostname=08VPIQNJZ3IU418 IP="::1" Method=GET Path=/api/v1/category SpendTime="1 ms" Status=200
